2020-05-06 21:57:35.902355: I tensorflow/core/platform/cpu_feature_guard.cc:137] Your CPU supports instructions that this TensorFlow binary was not compiled to use: SSE4.1 SSE4.2 AVX AVX2 FMA
2020-05-06 21:57:36.100519: I tensorflow/core/common_runtime/gpu/gpu_device.cc:1030] Found device 0 with properties: 
name: GeForce GTX 1080 Ti major: 6 minor: 1 memoryClockRate(GHz): 1.6575
pciBusID: 0000:07:00.0
totalMemory: 10.92GiB freeMemory: 10.76GiB
2020-05-06 21:57:36.100552: I tensorflow/core/common_runtime/gpu/gpu_device.cc:1120] Creating TensorFlow device (/device:GPU:0) -> (device: 0, name: GeForce GTX 1080 Ti, pci bus id: 0000:07:00.0, compute capability: 6.1)
23585
(23585, 4096, 9)
(23585, 4096)
(19898, 4096, 9) (19898, 4096)
(3687, 4096, 9) (3687, 4096)
**** EPOCH 000 ****
2020-05-06 21:57:48.975818: W tensorflow/core/common_runtime/bfc_allocator.cc:273] Allocator (GPU_0_bfc) ran out of memory trying to allocate 240.00MiB.  Current allocation summary follows.
2020-05-06 21:57:48.975909: I tensorflow/core/common_runtime/bfc_allocator.cc:627] Bin (256): 	Total Chunks: 122, Chunks in use: 116. 30.5KiB allocated for chunks. 29.0KiB in use in bin. 15.8KiB client-requested in use in bin.
2020-05-06 21:57:48.975932: I tensorflow/core/common_runtime/bfc_allocator.cc:627] Bin (512): 	Total Chunks: 0, Chunks in use: 0. 0B allocated for chunks. 0B in use in bin. 0B client-requested in use in bin.
2020-05-06 21:57:48.975952: I tensorflow/core/common_runtime/bfc_allocator.cc:627] Bin (1024): 	Total Chunks: 14, Chunks in use: 14. 14.2KiB allocated for chunks. 14.2KiB in use in bin. 14.0KiB client-requested in use in bin.
2020-05-06 21:57:48.976000: I tensorflow/core/common_runtime/bfc_allocator.cc:627] Bin (2048): 	Total Chunks: 13, Chunks in use: 13. 26.8KiB allocated for chunks. 26.8KiB in use in bin. 26.0KiB client-requested in use in bin.
2020-05-06 21:57:48.976025: I tensorflow/core/common_runtime/bfc_allocator.cc:627] Bin (4096): 	Total Chunks: 14, Chunks in use: 14. 58.8KiB allocated for chunks. 58.8KiB in use in bin. 56.5KiB client-requested in use in bin.
2020-05-06 21:57:48.976043: I tensorflow/core/common_runtime/bfc_allocator.cc:627] Bin (8192): 	Total Chunks: 1, Chunks in use: 1. 13.0KiB allocated for chunks. 13.0KiB in use in bin. 13.0KiB client-requested in use in bin.
2020-05-06 21:57:48.976062: I tensorflow/core/common_runtime/bfc_allocator.cc:627] Bin (16384): 	Total Chunks: 2, Chunks in use: 2. 32.0KiB allocated for chunks. 32.0KiB in use in bin. 32.0KiB client-requested in use in bin.
2020-05-06 21:57:48.976080: I tensorflow/core/common_runtime/bfc_allocator.cc:627] Bin (32768): 	Total Chunks: 2, Chunks in use: 2. 64.0KiB allocated for chunks. 64.0KiB in use in bin. 64.0KiB client-requested in use in bin.
2020-05-06 21:57:48.976096: I tensorflow/core/common_runtime/bfc_allocator.cc:627] Bin (65536): 	Total Chunks: 0, Chunks in use: 0. 0B allocated for chunks. 0B in use in bin. 0B client-requested in use in bin.
2020-05-06 21:57:48.976116: I tensorflow/core/common_runtime/bfc_allocator.cc:627] Bin (131072): 	Total Chunks: 4, Chunks in use: 3. 764.5KiB allocated for chunks. 576.0KiB in use in bin. 576.0KiB client-requested in use in bin.
2020-05-06 21:57:48.976135: I tensorflow/core/common_runtime/bfc_allocator.cc:627] Bin (262144): 	Total Chunks: 2, Chunks in use: 2. 813.2KiB allocated for chunks. 813.2KiB in use in bin. 768.0KiB client-requested in use in bin.
2020-05-06 21:57:48.976154: I tensorflow/core/common_runtime/bfc_allocator.cc:627] Bin (524288): 	Total Chunks: 1, Chunks in use: 1. 512.0KiB allocated for chunks. 512.0KiB in use in bin. 512.0KiB client-requested in use in bin.
2020-05-06 21:57:48.976180: I tensorflow/core/common_runtime/bfc_allocator.cc:627] Bin (1048576): 	Total Chunks: 2, Chunks in use: 1. 3.16MiB allocated for chunks. 1.48MiB in use in bin. 768.0KiB client-requested in use in bin.
2020-05-06 21:57:48.976200: I tensorflow/core/common_runtime/bfc_allocator.cc:627] Bin (2097152): 	Total Chunks: 6, Chunks in use: 6. 21.12MiB allocated for chunks. 21.12MiB in use in bin. 21.12MiB client-requested in use in bin.
2020-05-06 21:57:48.976232: I tensorflow/core/common_runtime/bfc_allocator.cc:627] Bin (4194304): 	Total Chunks: 0, Chunks in use: 0. 0B allocated for chunks. 0B in use in bin. 0B client-requested in use in bin.
2020-05-06 21:57:48.976252: I tensorflow/core/common_runtime/bfc_allocator.cc:627] Bin (8388608): 	Total Chunks: 4, Chunks in use: 4. 48.00MiB allocated for chunks. 48.00MiB in use in bin. 48.00MiB client-requested in use in bin.
2020-05-06 21:57:48.976268: I tensorflow/core/common_runtime/bfc_allocator.cc:627] Bin (16777216): 	Total Chunks: 0, Chunks in use: 0. 0B allocated for chunks. 0B in use in bin. 0B client-requested in use in bin.
2020-05-06 21:57:48.976287: I tensorflow/core/common_runtime/bfc_allocator.cc:627] Bin (33554432): 	Total Chunks: 2, Chunks in use: 1. 120.44MiB allocated for chunks. 59.19MiB in use in bin. 48.00MiB client-requested in use in bin.
2020-05-06 21:57:48.976306: I tensorflow/core/common_runtime/bfc_allocator.cc:627] Bin (67108864): 	Total Chunks: 3, Chunks in use: 3. 199.00MiB allocated for chunks. 199.00MiB in use in bin. 183.00MiB client-requested in use in bin.
2020-05-06 21:57:48.976323: I tensorflow/core/common_runtime/bfc_allocator.cc:627] Bin (134217728): 	Total Chunks: 27, Chunks in use: 26. 6.26GiB allocated for chunks. 6.09GiB in use in bin. 6.09GiB client-requested in use in bin.
2020-05-06 21:57:48.976340: I tensorflow/core/common_runtime/bfc_allocator.cc:627] Bin (268435456): 	Total Chunks: 8, Chunks in use: 8. 3.58GiB allocated for chunks. 3.58GiB in use in bin. 2.58GiB client-requested in use in bin.
2020-05-06 21:57:48.976356: I tensorflow/core/common_runtime/bfc_allocator.cc:643] Bin for 240.00MiB was 128.00MiB, Chunk State: 
2020-05-06 21:57:48.976386: I tensorflow/core/common_runtime/bfc_allocator.cc:649]   Size: 172.50MiB | Requested Size: 60.00MiB | in_use: 0, prev:   Size: 67.50MiB | Requested Size: 67.50MiB | in_use: 1, next:   Size: 476.50MiB | Requested Size: 240.00MiB | in_use: 1
2020-05-06 21:57:48.976404: I tensorflow/core/common_runtime/bfc_allocator.cc:661] Chunk at 0x7ff278000000 of size 251658240
2020-05-06 21:57:48.976418: I tensorflow/core/common_runtime/bfc_allocator.cc:661] Chunk at 0x7ff287000000 of size 251658240
2020-05-06 21:57:48.976431: I tensorflow/core/common_runtime/bfc_allocator.cc:661] Chunk at 0x7ff296000000 of size 805306368
2020-05-06 21:57:48.976445: I tensorflow/core/common_runtime/bfc_allocator.cc:661] Chunk at 0x7ff2c6000000 of size 251658240
2020-05-06 21:57:48.976458: I tensorflow/core/common_runtime/bfc_allocator.cc:661] Chunk at 0x7ff2d5000000 of size 251658240
2020-05-06 21:57:48.976472: I tensorflow/core/common_runtime/bfc_allocator.cc:661] Chunk at 0x7ff2e4000000 of size 303588864
2020-05-06 21:57:48.976486: I tensorflow/core/common_runtime/bfc_allocator.cc:661] Chunk at 0x7ff302000000 of size 251658240
2020-05-06 21:57:48.976499: I tensorflow/core/common_runtime/bfc_allocator.cc:661] Chunk at 0x7ff311000000 of size 553648128
2020-05-06 21:57:48.976512: I tensorflow/core/common_runtime/bfc_allocator.cc:661] Chunk at 0x7ff332000000 of size 251658240
2020-05-06 21:57:48.976525: I tensorflow/core/common_runtime/bfc_allocator.cc:661] Chunk at 0x7ff341000000 of size 251658240
2020-05-06 21:57:48.976538: I tensorflow/core/common_runtime/bfc_allocator.cc:661] Chunk at 0x7ff350000000 of size 251658240
2020-05-06 21:57:48.976552: I tensorflow/core/common_runtime/bfc_allocator.cc:661] Chunk at 0x7ff35f000000 of size 503316480
2020-05-06 21:57:48.976565: I tensorflow/core/common_runtime/bfc_allocator.cc:661] Chunk at 0x7ff37d000000 of size 251658240
2020-05-06 21:57:48.976578: I tensorflow/core/common_runtime/bfc_allocator.cc:661] Chunk at 0x7ff38c000000 of size 251658240
2020-05-06 21:57:48.976591: I tensorflow/core/common_runtime/bfc_allocator.cc:661] Chunk at 0x7ff39b000000 of size 251658240
2020-05-06 21:57:48.976604: I tensorflow/core/common_runtime/bfc_allocator.cc:661] Chunk at 0x7ff3aa000000 of size 251658240
2020-05-06 21:57:48.976617: I tensorflow/core/common_runtime/bfc_allocator.cc:661] Chunk at 0x7ff3b9000000 of size 251658240
2020-05-06 21:57:48.976637: I tensorflow/core/common_runtime/bfc_allocator.cc:661] Chunk at 0x7ff3c8000000 of size 251658240
2020-05-06 21:57:48.976650: I tensorflow/core/common_runtime/bfc_allocator.cc:661] Chunk at 0x7ff3d7000000 of size 251658240
2020-05-06 21:57:48.976664: I tensorflow/core/common_runtime/bfc_allocator.cc:661] Chunk at 0x7ff3e6000000 of size 469762048
2020-05-06 21:57:48.976677: I tensorflow/core/common_runtime/bfc_allocator.cc:661] Chunk at 0x7ff408000000 of size 251658240
2020-05-06 21:57:48.976690: I tensorflow/core/common_runtime/bfc_allocator.cc:661] Chunk at 0x7ff417000000 of size 251658240
2020-05-06 21:57:48.976703: I tensorflow/core/common_runtime/bfc_allocator.cc:661] Chunk at 0x7ff426000000 of size 251658240
2020-05-06 21:57:48.976716: I tensorflow/core/common_runtime/bfc_allocator.cc:661] Chunk at 0x7ff435000000 of size 251658240
2020-05-06 21:57:48.976729: I tensorflow/core/common_runtime/bfc_allocator.cc:661] Chunk at 0x7ff444000000 of size 251658240
2020-05-06 21:57:48.976742: I tensorflow/core/common_runtime/bfc_allocator.cc:661] Chunk at 0x7ff453000000 of size 251658240
2020-05-06 21:57:48.976755: I tensorflow/core/common_runtime/bfc_allocator.cc:661] Chunk at 0x7ff462000000 of size 251658240
2020-05-06 21:57:48.976769: I tensorflow/core/common_runtime/bfc_allocator.cc:661] Chunk at 0x7ff471000000 of size 385875968
2020-05-06 21:57:48.976782: I tensorflow/core/common_runtime/bfc_allocator.cc:661] Chunk at 0x7ff494000000 of size 70778880
2020-05-06 21:57:48.976795: I tensorflow/core/common_runtime/bfc_allocator.cc:661] Chunk at 0x7ff498380000 of size 251658240
2020-05-06 21:57:48.976809: I tensorflow/core/common_runtime/bfc_allocator.cc:661] Chunk at 0x7ff4a7380000 of size 70778880
2020-05-06 21:57:48.976822: I tensorflow/core/common_runtime/bfc_allocator.cc:661] Chunk at 0x7ff4b6380000 of size 499646464
2020-05-06 21:57:48.976836: I tensorflow/core/common_runtime/bfc_allocator.cc:670] Free at 0x7ff4ab700000 of size 180879360
2020-05-06 21:57:48.976849: I tensorflow/core/common_runtime/bfc_allocator.cc:661] Chunk at 0x7ff4d4000000 of size 251658240
2020-05-06 21:57:48.976862: I tensorflow/core/common_runtime/bfc_allocator.cc:661] Chunk at 0x7ff4e3000000 of size 251658240
2020-05-06 21:57:48.976875: I tensorflow/core/common_runtime/bfc_allocator.cc:661] Chunk at 0x7ff4f2000000 of size 251658240
2020-05-06 21:57:48.976888: I tensorflow/core/common_runtime/bfc_allocator.cc:661] Chunk at 0x7ff501000000 of size 318767104
2020-05-06 21:57:48.976902: I tensorflow/core/common_runtime/bfc_allocator.cc:661] Chunk at 0x7ff514000000 of size 12582912
2020-05-06 21:57:48.976916: I tensorflow/core/common_runtime/bfc_allocator.cc:661] Chunk at 0x7ff514c00000 of size 12582912
2020-05-06 21:57:48.976929: I tensorflow/core/common_runtime/bfc_allocator.cc:661] Chunk at 0x7ff515800000 of size 3932160
2020-05-06 21:57:48.976942: I tensorflow/core/common_runtime/bfc_allocator.cc:661] Chunk at 0x7ff515bc0000 of size 3932160
2020-05-06 21:57:48.976955: I tensorflow/core/common_runtime/bfc_allocator.cc:661] Chunk at 0x7ff515f80000 of size 12582912
2020-05-06 21:57:48.976968: I tensorflow/core/common_runtime/bfc_allocator.cc:661] Chunk at 0x7ff516b80000 of size 3932160
2020-05-06 21:57:48.976981: I tensorflow/core/common_runtime/bfc_allocator.cc:661] Chunk at 0x7ff516f40000 of size 3932160
2020-05-06 21:57:48.976994: I tensorflow/core/common_runtime/bfc_allocator.cc:661] Chunk at 0x7ff517300000 of size 12582912
2020-05-06 21:57:48.977007: I tensorflow/core/common_runtime/bfc_allocator.cc:661] Chunk at 0x7ff517f00000 of size 3932160
2020-05-06 21:57:48.977021: I tensorflow/core/common_runtime/bfc_allocator.cc:670] Free at 0x7ff5182c0000 of size 64225280
2020-05-06 21:57:48.977034: I tensorflow/core/common_runtime/bfc_allocator.cc:661] Chunk at 0x7ff51c000000 of size 2490368
2020-05-06 21:57:48.977048: I tensorflow/core/common_runtime/bfc_allocator.cc:661] Chunk at 0x7ff51c260000 of size 256
2020-05-06 21:57:48.977061: I tensorflow/core/common_runtime/bfc_allocator.cc:661] Chunk at 0x7ff51c260100 of size 256
2020-05-06 21:57:48.977078: I tensorflow/core/common_runtime/bfc_allocator.cc:661] Chunk at 0x7ff51c260200 of size 256
2020-05-06 21:57:48.977092: I tensorflow/core/common_runtime/bfc_allocator.cc:661] Chunk at 0x7ff51c260300 of size 256
2020-05-06 21:57:48.977105: I tensorflow/core/common_runtime/bfc_allocator.cc:661] Chunk at 0x7ff51c260400 of size 256
2020-05-06 21:57:48.977118: I tensorflow/core/common_runtime/bfc_allocator.cc:661] Chunk at 0x7ff51c260500 of size 256
2020-05-06 21:57:48.977131: I tensorflow/core/common_runtime/bfc_allocator.cc:661] Chunk at 0x7ff51c260600 of size 256
2020-05-06 21:57:48.977144: I tensorflow/core/common_runtime/bfc_allocator.cc:661] Chunk at 0x7ff51c260700 of size 1024
2020-05-06 21:57:48.977157: I tensorflow/core/common_runtime/bfc_allocator.cc:661] Chunk at 0x7ff51c260b00 of size 256
2020-05-06 21:57:48.977170: I tensorflow/core/common_runtime/bfc_allocator.cc:661] Chunk at 0x7ff51c260c00 of size 256
2020-05-06 21:57:48.977183: I tensorflow/core/common_runtime/bfc_allocator.cc:661] Chunk at 0x7ff51c260d00 of size 256
2020-05-06 21:57:48.977196: I tensorflow/core/common_runtime/bfc_allocator.cc:661] Chunk at 0x7ff51c290000 of size 196608
2020-05-06 21:57:48.977210: I tensorflow/core/common_runtime/bfc_allocator.cc:661] Chunk at 0x7ff51c2c0000 of size 393216
2020-05-06 21:57:48.977223: I tensorflow/core/common_runtime/bfc_allocator.cc:661] Chunk at 0x7ff51c4d0000 of size 62062592
2020-05-06 21:57:48.977237: I tensorflow/core/common_runtime/bfc_allocator.cc:670] Free at 0x7ff51c260e00 of size 193024
2020-05-06 21:57:48.977250: I tensorflow/core/common_runtime/bfc_allocator.cc:670] Free at 0x7ff51c320000 of size 1769472
2020-05-06 21:57:48.977264: I tensorflow/core/common_runtime/bfc_allocator.cc:661] Chunk at 0x7ff528000000 of size 67108864
2020-05-06 21:57:48.977278: I tensorflow/core/common_runtime/bfc_allocator.cc:661] Chunk at 0x7ff627400000 of size 1280
2020-05-06 21:57:48.977291: I tensorflow/core/common_runtime/bfc_allocator.cc:661] Chunk at 0x7ff627400500 of size 196608
2020-05-06 21:57:48.977304: I tensorflow/core/common_runtime/bfc_allocator.cc:661] Chunk at 0x7ff627430500 of size 256
2020-05-06 21:57:48.977317: I tensorflow/core/common_runtime/bfc_allocator.cc:661] Chunk at 0x7ff627430600 of size 256
2020-05-06 21:57:48.977330: I tensorflow/core/common_runtime/bfc_allocator.cc:661] Chunk at 0x7ff627430700 of size 256
2020-05-06 21:57:48.977343: I tensorflow/core/common_runtime/bfc_allocator.cc:661] Chunk at 0x7ff627430800 of size 256
2020-05-06 21:57:48.977356: I tensorflow/core/common_runtime/bfc_allocator.cc:661] Chunk at 0x7ff627430900 of size 256
2020-05-06 21:57:48.977368: I tensorflow/core/common_runtime/bfc_allocator.cc:661] Chunk at 0x7ff627430a00 of size 256
2020-05-06 21:57:48.977381: I tensorflow/core/common_runtime/bfc_allocator.cc:661] Chunk at 0x7ff627430b00 of size 256
2020-05-06 21:57:48.977394: I tensorflow/core/common_runtime/bfc_allocator.cc:661] Chunk at 0x7ff627430c00 of size 256
2020-05-06 21:57:48.977407: I tensorflow/core/common_runtime/bfc_allocator.cc:661] Chunk at 0x7ff627430d00 of size 256
2020-05-06 21:57:48.977420: I tensorflow/core/common_runtime/bfc_allocator.cc:661] Chunk at 0x7ff627430e00 of size 256
2020-05-06 21:57:48.977432: I tensorflow/core/common_runtime/bfc_allocator.cc:661] Chunk at 0x7ff627430f00 of size 256
2020-05-06 21:57:48.977445: I tensorflow/core/common_runtime/bfc_allocator.cc:661] Chunk at 0x7ff627431000 of size 256
2020-05-06 21:57:48.977458: I tensorflow/core/common_runtime/bfc_allocator.cc:661] Chunk at 0x7ff627431100 of size 256
2020-05-06 21:57:48.977471: I tensorflow/core/common_runtime/bfc_allocator.cc:661] Chunk at 0x7ff627431200 of size 256
2020-05-06 21:57:48.977484: I tensorflow/core/common_runtime/bfc_allocator.cc:661] Chunk at 0x7ff627431300 of size 256
2020-05-06 21:57:48.977497: I tensorflow/core/common_runtime/bfc_allocator.cc:661] Chunk at 0x7ff627431400 of size 256
2020-05-06 21:57:48.977509: I tensorflow/core/common_runtime/bfc_allocator.cc:661] Chunk at 0x7ff627431500 of size 256
2020-05-06 21:57:48.977526: I tensorflow/core/common_runtime/bfc_allocator.cc:661] Chunk at 0x7ff627431600 of size 256
2020-05-06 21:57:48.977540: I tensorflow/core/common_runtime/bfc_allocator.cc:661] Chunk at 0x7ff627431700 of size 256
2020-05-06 21:57:48.977553: I tensorflow/core/common_runtime/bfc_allocator.cc:661] Chunk at 0x7ff627431800 of size 256
2020-05-06 21:57:48.977565: I tensorflow/core/common_runtime/bfc_allocator.cc:661] Chunk at 0x7ff627431900 of size 256
2020-05-06 21:57:48.977578: I tensorflow/core/common_runtime/bfc_allocator.cc:661] Chunk at 0x7ff627431a00 of size 256
2020-05-06 21:57:48.977591: I tensorflow/core/common_runtime/bfc_allocator.cc:661] Chunk at 0x7ff627431b00 of size 256
2020-05-06 21:57:48.977604: I tensorflow/core/common_runtime/bfc_allocator.cc:661] Chunk at 0x7ff627431c00 of size 256
2020-05-06 21:57:48.977617: I tensorflow/core/common_runtime/bfc_allocator.cc:661] Chunk at 0x7ff627431d00 of size 256
2020-05-06 21:57:48.977629: I tensorflow/core/common_runtime/bfc_allocator.cc:661] Chunk at 0x7ff627431e00 of size 256
2020-05-06 21:57:48.977642: I tensorflow/core/common_runtime/bfc_allocator.cc:661] Chunk at 0x7ff627431f00 of size 256
2020-05-06 21:57:48.977655: I tensorflow/core/common_runtime/bfc_allocator.cc:661] Chunk at 0x7ff627432000 of size 256
2020-05-06 21:57:48.977668: I tensorflow/core/common_runtime/bfc_allocator.cc:661] Chunk at 0x7ff627432100 of size 256
2020-05-06 21:57:48.977681: I tensorflow/core/common_runtime/bfc_allocator.cc:661] Chunk at 0x7ff627432200 of size 256
2020-05-06 21:57:48.977694: I tensorflow/core/common_runtime/bfc_allocator.cc:661] Chunk at 0x7ff627432300 of size 256
2020-05-06 21:57:48.977706: I tensorflow/core/common_runtime/bfc_allocator.cc:661] Chunk at 0x7ff627432400 of size 256
2020-05-06 21:57:48.977719: I tensorflow/core/common_runtime/bfc_allocator.cc:661] Chunk at 0x7ff627432500 of size 256
2020-05-06 21:57:48.977732: I tensorflow/core/common_runtime/bfc_allocator.cc:661] Chunk at 0x7ff627432600 of size 256
2020-05-06 21:57:48.977745: I tensorflow/core/common_runtime/bfc_allocator.cc:661] Chunk at 0x7ff627432700 of size 256
2020-05-06 21:57:48.977758: I tensorflow/core/common_runtime/bfc_allocator.cc:661] Chunk at 0x7ff627432800 of size 256
2020-05-06 21:57:48.977770: I tensorflow/core/common_runtime/bfc_allocator.cc:661] Chunk at 0x7ff627432900 of size 256
2020-05-06 21:57:48.977783: I tensorflow/core/common_runtime/bfc_allocator.cc:661] Chunk at 0x7ff627432a00 of size 256
2020-05-06 21:57:48.977796: I tensorflow/core/common_runtime/bfc_allocator.cc:661] Chunk at 0x7ff627432b00 of size 256
2020-05-06 21:57:48.977809: I tensorflow/core/common_runtime/bfc_allocator.cc:661] Chunk at 0x7ff627432c00 of size 256
2020-05-06 21:57:48.977822: I tensorflow/core/common_runtime/bfc_allocator.cc:661] Chunk at 0x7ff627432d00 of size 256
2020-05-06 21:57:48.977835: I tensorflow/core/common_runtime/bfc_allocator.cc:661] Chunk at 0x7ff627432e00 of size 256
2020-05-06 21:57:48.977847: I tensorflow/core/common_runtime/bfc_allocator.cc:661] Chunk at 0x7ff627432f00 of size 256
2020-05-06 21:57:48.977860: I tensorflow/core/common_runtime/bfc_allocator.cc:661] Chunk at 0x7ff627433000 of size 256
2020-05-06 21:57:48.977873: I tensorflow/core/common_runtime/bfc_allocator.cc:661] Chunk at 0x7ff627433100 of size 256
2020-05-06 21:57:48.977886: I tensorflow/core/common_runtime/bfc_allocator.cc:661] Chunk at 0x7ff627433200 of size 256
2020-05-06 21:57:48.977898: I tensorflow/core/common_runtime/bfc_allocator.cc:661] Chunk at 0x7ff627433300 of size 256
2020-05-06 21:57:48.977911: I tensorflow/core/common_runtime/bfc_allocator.cc:661] Chunk at 0x7ff627433400 of size 256
2020-05-06 21:57:48.977924: I tensorflow/core/common_runtime/bfc_allocator.cc:661] Chunk at 0x7ff627433500 of size 256
2020-05-06 21:57:48.977937: I tensorflow/core/common_runtime/bfc_allocator.cc:661] Chunk at 0x7ff627433600 of size 256
2020-05-06 21:57:48.977950: I tensorflow/core/common_runtime/bfc_allocator.cc:661] Chunk at 0x7ff627433700 of size 256
2020-05-06 21:57:48.977962: I tensorflow/core/common_runtime/bfc_allocator.cc:661] Chunk at 0x7ff627433800 of size 256
2020-05-06 21:57:48.977980: I tensorflow/core/common_runtime/bfc_allocator.cc:661] Chunk at 0x7ff627433900 of size 256
2020-05-06 21:57:48.977993: I tensorflow/core/common_runtime/bfc_allocator.cc:661] Chunk at 0x7ff627433a00 of size 256
2020-05-06 21:57:48.978006: I tensorflow/core/common_runtime/bfc_allocator.cc:661] Chunk at 0x7ff627433b00 of size 196608
2020-05-06 21:57:48.978019: I tensorflow/core/common_runtime/bfc_allocator.cc:661] Chunk at 0x7ff627463b00 of size 1024
2020-05-06 21:57:48.978032: I tensorflow/core/common_runtime/bfc_allocator.cc:661] Chunk at 0x7ff627463f00 of size 256
2020-05-06 21:57:48.978045: I tensorflow/core/common_runtime/bfc_allocator.cc:661] Chunk at 0x7ff627464000 of size 13312
2020-05-06 21:57:48.978059: I tensorflow/core/common_runtime/bfc_allocator.cc:661] Chunk at 0x7ff627467400 of size 1024
2020-05-06 21:57:48.978072: I tensorflow/core/common_runtime/bfc_allocator.cc:661] Chunk at 0x7ff627467800 of size 1024
2020-05-06 21:57:48.978085: I tensorflow/core/common_runtime/bfc_allocator.cc:661] Chunk at 0x7ff627467c00 of size 1024
2020-05-06 21:57:48.978098: I tensorflow/core/common_runtime/bfc_allocator.cc:661] Chunk at 0x7ff627468000 of size 2048
2020-05-06 21:57:48.978111: I tensorflow/core/common_runtime/bfc_allocator.cc:661] Chunk at 0x7ff627468800 of size 2048
2020-05-06 21:57:48.978124: I tensorflow/core/common_runtime/bfc_allocator.cc:661] Chunk at 0x7ff627469000 of size 2048
2020-05-06 21:57:48.978138: I tensorflow/core/common_runtime/bfc_allocator.cc:661] Chunk at 0x7ff627469800 of size 4096
2020-05-06 21:57:48.978151: I tensorflow/core/common_runtime/bfc_allocator.cc:661] Chunk at 0x7ff62746a800 of size 4096
2020-05-06 21:57:48.978163: I tensorflow/core/common_runtime/bfc_allocator.cc:661] Chunk at 0x7ff62746b800 of size 4096
2020-05-06 21:57:48.978177: I tensorflow/core/common_runtime/bfc_allocator.cc:661] Chunk at 0x7ff62746c800 of size 16384
2020-05-06 21:57:48.978190: I tensorflow/core/common_runtime/bfc_allocator.cc:661] Chunk at 0x7ff627470800 of size 256
2020-05-06 21:57:48.978203: I tensorflow/core/common_runtime/bfc_allocator.cc:661] Chunk at 0x7ff627470900 of size 256
2020-05-06 21:57:48.978216: I tensorflow/core/common_runtime/bfc_allocator.cc:661] Chunk at 0x7ff627470a00 of size 1024
2020-05-06 21:57:48.978229: I tensorflow/core/common_runtime/bfc_allocator.cc:661] Chunk at 0x7ff627470e00 of size 256
2020-05-06 21:57:48.978242: I tensorflow/core/common_runtime/bfc_allocator.cc:661] Chunk at 0x7ff627470f00 of size 256
2020-05-06 21:57:48.978255: I tensorflow/core/common_runtime/bfc_allocator.cc:661] Chunk at 0x7ff627471000 of size 256
2020-05-06 21:57:48.978268: I tensorflow/core/common_runtime/bfc_allocator.cc:661] Chunk at 0x7ff627471100 of size 32768
2020-05-06 21:57:48.978281: I tensorflow/core/common_runtime/bfc_allocator.cc:661] Chunk at 0x7ff627479100 of size 256
2020-05-06 21:57:48.978294: I tensorflow/core/common_runtime/bfc_allocator.cc:661] Chunk at 0x7ff627479200 of size 256
2020-05-06 21:57:48.978307: I tensorflow/core/common_runtime/bfc_allocator.cc:661] Chunk at 0x7ff627479300 of size 256
2020-05-06 21:57:48.978320: I tensorflow/core/common_runtime/bfc_allocator.cc:661] Chunk at 0x7ff627479400 of size 256
2020-05-06 21:57:48.978332: I tensorflow/core/common_runtime/bfc_allocator.cc:661] Chunk at 0x7ff627479500 of size 32768
2020-05-06 21:57:48.978345: I tensorflow/core/common_runtime/bfc_allocator.cc:661] Chunk at 0x7ff627481500 of size 256
2020-05-06 21:57:48.978358: I tensorflow/core/common_runtime/bfc_allocator.cc:661] Chunk at 0x7ff627481600 of size 256
2020-05-06 21:57:48.978371: I tensorflow/core/common_runtime/bfc_allocator.cc:661] Chunk at 0x7ff627481700 of size 256
2020-05-06 21:57:48.978384: I tensorflow/core/common_runtime/bfc_allocator.cc:661] Chunk at 0x7ff627481800 of size 16384
2020-05-06 21:57:48.978397: I tensorflow/core/common_runtime/bfc_allocator.cc:661] Chunk at 0x7ff627485800 of size 1024
2020-05-06 21:57:48.978410: I tensorflow/core/common_runtime/bfc_allocator.cc:661] Chunk at 0x7ff627485c00 of size 256
2020-05-06 21:57:48.978428: I tensorflow/core/common_runtime/bfc_allocator.cc:661] Chunk at 0x7ff627485d00 of size 256
2020-05-06 21:57:48.978441: I tensorflow/core/common_runtime/bfc_allocator.cc:661] Chunk at 0x7ff627485e00 of size 256
2020-05-06 21:57:48.978455: I tensorflow/core/common_runtime/bfc_allocator.cc:661] Chunk at 0x7ff627485f00 of size 256
2020-05-06 21:57:48.978468: I tensorflow/core/common_runtime/bfc_allocator.cc:661] Chunk at 0x7ff627486000 of size 256
2020-05-06 21:57:48.978481: I tensorflow/core/common_runtime/bfc_allocator.cc:661] Chunk at 0x7ff627486100 of size 256
2020-05-06 21:57:48.978493: I tensorflow/core/common_runtime/bfc_allocator.cc:661] Chunk at 0x7ff627486200 of size 256
2020-05-06 21:57:48.978507: I tensorflow/core/common_runtime/bfc_allocator.cc:661] Chunk at 0x7ff627486300 of size 2048
2020-05-06 21:57:48.978520: I tensorflow/core/common_runtime/bfc_allocator.cc:661] Chunk at 0x7ff627486b00 of size 2048
2020-05-06 21:57:48.978532: I tensorflow/core/common_runtime/bfc_allocator.cc:661] Chunk at 0x7ff627487300 of size 256
2020-05-06 21:57:48.978545: I tensorflow/core/common_runtime/bfc_allocator.cc:661] Chunk at 0x7ff627487400 of size 256
2020-05-06 21:57:48.978558: I tensorflow/core/common_runtime/bfc_allocator.cc:661] Chunk at 0x7ff627487500 of size 256
2020-05-06 21:57:48.978571: I tensorflow/core/common_runtime/bfc_allocator.cc:661] Chunk at 0x7ff627487600 of size 256
2020-05-06 21:57:48.978584: I tensorflow/core/common_runtime/bfc_allocator.cc:661] Chunk at 0x7ff627487700 of size 256
2020-05-06 21:57:48.978597: I tensorflow/core/common_runtime/bfc_allocator.cc:661] Chunk at 0x7ff627487800 of size 256
2020-05-06 21:57:48.978610: I tensorflow/core/common_runtime/bfc_allocator.cc:661] Chunk at 0x7ff627487900 of size 256
2020-05-06 21:57:48.978623: I tensorflow/core/common_runtime/bfc_allocator.cc:661] Chunk at 0x7ff627487a00 of size 256
2020-05-06 21:57:48.978635: I tensorflow/core/common_runtime/bfc_allocator.cc:661] Chunk at 0x7ff627487b00 of size 256
2020-05-06 21:57:48.978648: I tensorflow/core/common_runtime/bfc_allocator.cc:661] Chunk at 0x7ff627487d00 of size 256
2020-05-06 21:57:48.978662: I tensorflow/core/common_runtime/bfc_allocator.cc:661] Chunk at 0x7ff627487e00 of size 4096
2020-05-06 21:57:48.978674: I tensorflow/core/common_runtime/bfc_allocator.cc:661] Chunk at 0x7ff627488e00 of size 256
2020-05-06 21:57:48.978687: I tensorflow/core/common_runtime/bfc_allocator.cc:661] Chunk at 0x7ff627488f00 of size 256
2020-05-06 21:57:48.978700: I tensorflow/core/common_runtime/bfc_allocator.cc:661] Chunk at 0x7ff627489000 of size 2048
2020-05-06 21:57:48.978713: I tensorflow/core/common_runtime/bfc_allocator.cc:661] Chunk at 0x7ff627489800 of size 4096
2020-05-06 21:57:48.978726: I tensorflow/core/common_runtime/bfc_allocator.cc:661] Chunk at 0x7ff62748a800 of size 256
2020-05-06 21:57:48.978739: I tensorflow/core/common_runtime/bfc_allocator.cc:661] Chunk at 0x7ff62748a900 of size 256
2020-05-06 21:57:48.978752: I tensorflow/core/common_runtime/bfc_allocator.cc:661] Chunk at 0x7ff62748aa00 of size 256
2020-05-06 21:57:48.978765: I tensorflow/core/common_runtime/bfc_allocator.cc:661] Chunk at 0x7ff62748ac00 of size 256
2020-05-06 21:57:48.978778: I tensorflow/core/common_runtime/bfc_allocator.cc:661] Chunk at 0x7ff62748ad00 of size 4096
2020-05-06 21:57:48.978791: I tensorflow/core/common_runtime/bfc_allocator.cc:661] Chunk at 0x7ff62748bd00 of size 256
2020-05-06 21:57:48.978804: I tensorflow/core/common_runtime/bfc_allocator.cc:661] Chunk at 0x7ff62748be00 of size 256
2020-05-06 21:57:48.978817: I tensorflow/core/common_runtime/bfc_allocator.cc:661] Chunk at 0x7ff62748c000 of size 4096
2020-05-06 21:57:48.978830: I tensorflow/core/common_runtime/bfc_allocator.cc:661] Chunk at 0x7ff62748d000 of size 256
2020-05-06 21:57:48.978843: I tensorflow/core/common_runtime/bfc_allocator.cc:661] Chunk at 0x7ff62748d100 of size 2048
2020-05-06 21:57:48.978856: I tensorflow/core/common_runtime/bfc_allocator.cc:661] Chunk at 0x7ff62748d900 of size 4608
2020-05-06 21:57:48.978875: I tensorflow/core/common_runtime/bfc_allocator.cc:661] Chunk at 0x7ff62748eb00 of size 256
2020-05-06 21:57:48.978888: I tensorflow/core/common_runtime/bfc_allocator.cc:661] Chunk at 0x7ff62748ec00 of size 2048
2020-05-06 21:57:48.978901: I tensorflow/core/common_runtime/bfc_allocator.cc:661] Chunk at 0x7ff62748f400 of size 2048
2020-05-06 21:57:48.978914: I tensorflow/core/common_runtime/bfc_allocator.cc:661] Chunk at 0x7ff62748fc00 of size 1024
2020-05-06 21:57:48.978927: I tensorflow/core/common_runtime/bfc_allocator.cc:661] Chunk at 0x7ff627490000 of size 1024
2020-05-06 21:57:48.978940: I tensorflow/core/common_runtime/bfc_allocator.cc:661] Chunk at 0x7ff627490400 of size 1024
2020-05-06 21:57:48.978953: I tensorflow/core/common_runtime/bfc_allocator.cc:661] Chunk at 0x7ff627490800 of size 256
2020-05-06 21:57:48.978966: I tensorflow/core/common_runtime/bfc_allocator.cc:661] Chunk at 0x7ff627490900 of size 256
2020-05-06 21:57:48.978979: I tensorflow/core/common_runtime/bfc_allocator.cc:661] Chunk at 0x7ff627490a00 of size 1024
2020-05-06 21:57:48.978992: I tensorflow/core/common_runtime/bfc_allocator.cc:661] Chunk at 0x7ff627490e00 of size 2048
2020-05-06 21:57:48.979005: I tensorflow/core/common_runtime/bfc_allocator.cc:661] Chunk at 0x7ff627491600 of size 4096
2020-05-06 21:57:48.979018: I tensorflow/core/common_runtime/bfc_allocator.cc:661] Chunk at 0x7ff627492600 of size 6400
2020-05-06 21:57:48.979031: I tensorflow/core/common_runtime/bfc_allocator.cc:661] Chunk at 0x7ff627493f00 of size 256
2020-05-06 21:57:48.979045: I tensorflow/core/common_runtime/bfc_allocator.cc:661] Chunk at 0x7ff627494000 of size 2816
2020-05-06 21:57:48.979058: I tensorflow/core/common_runtime/bfc_allocator.cc:661] Chunk at 0x7ff627494b00 of size 439552
2020-05-06 21:57:48.979073: I tensorflow/core/common_runtime/bfc_allocator.cc:670] Free at 0x7ff627487c00 of size 256
2020-05-06 21:57:48.979086: I tensorflow/core/common_runtime/bfc_allocator.cc:670] Free at 0x7ff62748ab00 of size 256
2020-05-06 21:57:48.979099: I tensorflow/core/common_runtime/bfc_allocator.cc:670] Free at 0x7ff62748bf00 of size 256
2020-05-06 21:57:48.979113: I tensorflow/core/common_runtime/bfc_allocator.cc:661] Chunk at 0x7ff627e00000 of size 1024
2020-05-06 21:57:48.979126: I tensorflow/core/common_runtime/bfc_allocator.cc:661] Chunk at 0x7ff627e00400 of size 1024
2020-05-06 21:57:48.979138: I tensorflow/core/common_runtime/bfc_allocator.cc:661] Chunk at 0x7ff627e00800 of size 2048
2020-05-06 21:57:48.979151: I tensorflow/core/common_runtime/bfc_allocator.cc:661] Chunk at 0x7ff627e01000 of size 4096
2020-05-06 21:57:48.979164: I tensorflow/core/common_runtime/bfc_allocator.cc:661] Chunk at 0x7ff627e02000 of size 2048
2020-05-06 21:57:48.979177: I tensorflow/core/common_runtime/bfc_allocator.cc:661] Chunk at 0x7ff627e02800 of size 4096
2020-05-06 21:57:48.979190: I tensorflow/core/common_runtime/bfc_allocator.cc:661] Chunk at 0x7ff627e03800 of size 256
2020-05-06 21:57:48.979203: I tensorflow/core/common_runtime/bfc_allocator.cc:661] Chunk at 0x7ff627e03a00 of size 256
2020-05-06 21:57:48.979216: I tensorflow/core/common_runtime/bfc_allocator.cc:661] Chunk at 0x7ff627e03b00 of size 256
2020-05-06 21:57:48.979229: I tensorflow/core/common_runtime/bfc_allocator.cc:661] Chunk at 0x7ff627e03c00 of size 256
2020-05-06 21:57:48.979242: I tensorflow/core/common_runtime/bfc_allocator.cc:661] Chunk at 0x7ff627e03d00 of size 4096
2020-05-06 21:57:48.979255: I tensorflow/core/common_runtime/bfc_allocator.cc:661] Chunk at 0x7ff627e04d00 of size 4096
2020-05-06 21:57:48.979268: I tensorflow/core/common_runtime/bfc_allocator.cc:661] Chunk at 0x7ff627e05e00 of size 256
2020-05-06 21:57:48.979280: I tensorflow/core/common_runtime/bfc_allocator.cc:661] Chunk at 0x7ff627e06000 of size 256
2020-05-06 21:57:48.979293: I tensorflow/core/common_runtime/bfc_allocator.cc:661] Chunk at 0x7ff627e06100 of size 256
2020-05-06 21:57:48.979306: I tensorflow/core/common_runtime/bfc_allocator.cc:661] Chunk at 0x7ff627e06200 of size 256
2020-05-06 21:57:48.979319: I tensorflow/core/common_runtime/bfc_allocator.cc:661] Chunk at 0x7ff627e06300 of size 256
2020-05-06 21:57:48.979337: I tensorflow/core/common_runtime/bfc_allocator.cc:661] Chunk at 0x7ff627e06400 of size 524288
2020-05-06 21:57:48.979351: I tensorflow/core/common_runtime/bfc_allocator.cc:661] Chunk at 0x7ff627e86400 of size 1547264
2020-05-06 21:57:48.979364: I tensorflow/core/common_runtime/bfc_allocator.cc:670] Free at 0x7ff627e03900 of size 256
2020-05-06 21:57:48.979377: I tensorflow/core/common_runtime/bfc_allocator.cc:670] Free at 0x7ff627e05d00 of size 256
2020-05-06 21:57:48.979390: I tensorflow/core/common_runtime/bfc_allocator.cc:670] Free at 0x7ff627e05f00 of size 256
2020-05-06 21:57:48.979403: I tensorflow/core/common_runtime/bfc_allocator.cc:676]      Summary of in-use Chunks by size: 
2020-05-06 21:57:48.979420: I tensorflow/core/common_runtime/bfc_allocator.cc:679] 116 Chunks of size 256 totalling 29.0KiB
2020-05-06 21:57:48.979436: I tensorflow/core/common_runtime/bfc_allocator.cc:679] 13 Chunks of size 1024 totalling 13.0KiB
2020-05-06 21:57:48.979451: I tensorflow/core/common_runtime/bfc_allocator.cc:679] 1 Chunks of size 1280 totalling 1.2KiB
2020-05-06 21:57:48.979466: I tensorflow/core/common_runtime/bfc_allocator.cc:679] 12 Chunks of size 2048 totalling 24.0KiB
2020-05-06 21:57:48.979481: I tensorflow/core/common_runtime/bfc_allocator.cc:679] 1 Chunks of size 2816 totalling 2.8KiB
2020-05-06 21:57:48.979495: I tensorflow/core/common_runtime/bfc_allocator.cc:679] 12 Chunks of size 4096 totalling 48.0KiB
2020-05-06 21:57:48.979510: I tensorflow/core/common_runtime/bfc_allocator.cc:679] 1 Chunks of size 4608 totalling 4.5KiB
2020-05-06 21:57:48.979524: I tensorflow/core/common_runtime/bfc_allocator.cc:679] 1 Chunks of size 6400 totalling 6.2KiB
2020-05-06 21:57:48.979539: I tensorflow/core/common_runtime/bfc_allocator.cc:679] 1 Chunks of size 13312 totalling 13.0KiB
2020-05-06 21:57:48.979554: I tensorflow/core/common_runtime/bfc_allocator.cc:679] 2 Chunks of size 16384 totalling 32.0KiB
2020-05-06 21:57:48.979569: I tensorflow/core/common_runtime/bfc_allocator.cc:679] 2 Chunks of size 32768 totalling 64.0KiB
2020-05-06 21:57:48.979584: I tensorflow/core/common_runtime/bfc_allocator.cc:679] 3 Chunks of size 196608 totalling 576.0KiB
2020-05-06 21:57:48.979599: I tensorflow/core/common_runtime/bfc_allocator.cc:679] 1 Chunks of size 393216 totalling 384.0KiB
2020-05-06 21:57:48.979614: I tensorflow/core/common_runtime/bfc_allocator.cc:679] 1 Chunks of size 439552 totalling 429.2KiB
2020-05-06 21:57:48.979629: I tensorflow/core/common_runtime/bfc_allocator.cc:679] 1 Chunks of size 524288 totalling 512.0KiB
2020-05-06 21:57:48.979644: I tensorflow/core/common_runtime/bfc_allocator.cc:679] 1 Chunks of size 1547264 totalling 1.48MiB
2020-05-06 21:57:48.979658: I tensorflow/core/common_runtime/bfc_allocator.cc:679] 1 Chunks of size 2490368 totalling 2.38MiB
2020-05-06 21:57:48.979673: I tensorflow/core/common_runtime/bfc_allocator.cc:679] 5 Chunks of size 3932160 totalling 18.75MiB
2020-05-06 21:57:48.979688: I tensorflow/core/common_runtime/bfc_allocator.cc:679] 4 Chunks of size 12582912 totalling 48.00MiB
2020-05-06 21:57:48.979703: I tensorflow/core/common_runtime/bfc_allocator.cc:679] 1 Chunks of size 62062592 totalling 59.19MiB
2020-05-06 21:57:48.979718: I tensorflow/core/common_runtime/bfc_allocator.cc:679] 1 Chunks of size 67108864 totalling 64.00MiB
2020-05-06 21:57:48.979733: I tensorflow/core/common_runtime/bfc_allocator.cc:679] 2 Chunks of size 70778880 totalling 135.00MiB
2020-05-06 21:57:48.979748: I tensorflow/core/common_runtime/bfc_allocator.cc:679] 26 Chunks of size 251658240 totalling 6.09GiB
2020-05-06 21:57:48.979763: I tensorflow/core/common_runtime/bfc_allocator.cc:679] 1 Chunks of size 303588864 totalling 289.52MiB
2020-05-06 21:57:48.979778: I tensorflow/core/common_runtime/bfc_allocator.cc:679] 1 Chunks of size 318767104 totalling 304.00MiB
2020-05-06 21:57:48.979793: I tensorflow/core/common_runtime/bfc_allocator.cc:679] 1 Chunks of size 385875968 totalling 368.00MiB
2020-05-06 21:57:48.979808: I tensorflow/core/common_runtime/bfc_allocator.cc:679] 1 Chunks of size 469762048 totalling 448.00MiB
2020-05-06 21:57:48.979829: I tensorflow/core/common_runtime/bfc_allocator.cc:679] 1 Chunks of size 499646464 totalling 476.50MiB
2020-05-06 21:57:48.979844: I tensorflow/core/common_runtime/bfc_allocator.cc:679] 1 Chunks of size 503316480 totalling 480.00MiB
2020-05-06 21:57:48.979859: I tensorflow/core/common_runtime/bfc_allocator.cc:679] 1 Chunks of size 553648128 totalling 528.00MiB
2020-05-06 21:57:48.979874: I tensorflow/core/common_runtime/bfc_allocator.cc:679] 1 Chunks of size 805306368 totalling 768.00MiB
2020-05-06 21:57:48.979889: I tensorflow/core/common_runtime/bfc_allocator.cc:683] Sum Total of in-use chunks: 9.99GiB
2020-05-06 21:57:48.979907: I tensorflow/core/common_runtime/bfc_allocator.cc:685] Stats: 
Limit:                 10977044071
InUse:                 10729975296
MaxInUse:              10729975296
NumAllocs:                     411
MaxAllocSize:           1073741824

2020-05-06 21:57:48.979947: W tensorflow/core/common_runtime/bfc_allocator.cc:277] **********x**********************************************x************************_***x*************
2020-05-06 21:57:48.979990: W tensorflow/core/framework/op_kernel.cc:1192] Resource exhausted: OOM when allocating tensor with shape[12,4096,20,64]
2020-05-06 21:57:48.982134: W tensorflow/core/framework/op_kernel.cc:1192] Resource exhausted: OOM when allocating tensor with shape[12,4096,20,64]
	 [[Node: tower_0/adj_conv5/bn/cond/moments/SquaredDifference = SquaredDifference[T=DT_FLOAT, _device="/job:localhost/replica:0/task:0/device:GPU:0"](tower_0/adj_conv5/bn/cond/batchnorm_1/mul_1/Switch:1, tower_0/adj_conv5/bn/cond/moments/mean)]]
2020-05-06 21:57:48.991329: W tensorflow/core/common_runtime/bfc_allocator.cc:273] Allocator (GPU_0_bfc) ran out of memory trying to allocate 240.00MiB.  Current allocation summary follows.
2020-05-06 21:57:48.991393: I tensorflow/core/common_runtime/bfc_allocator.cc:627] Bin (256): 	Total Chunks: 120, Chunks in use: 115. 30.0KiB allocated for chunks. 28.8KiB in use in bin. 15.5KiB client-requested in use in bin.
2020-05-06 21:57:48.991416: I tensorflow/core/common_runtime/bfc_allocator.cc:627] Bin (512): 	Total Chunks: 1, Chunks in use: 0. 512B allocated for chunks. 0B in use in bin. 0B client-requested in use in bin.
2020-05-06 21:57:48.991436: I tensorflow/core/common_runtime/bfc_allocator.cc:627] Bin (1024): 	Total Chunks: 14, Chunks in use: 14. 14.2KiB allocated for chunks. 14.2KiB in use in bin. 14.0KiB client-requested in use in bin.
2020-05-06 21:57:48.991455: I tensorflow/core/common_runtime/bfc_allocator.cc:627] Bin (2048): 	Total Chunks: 13, Chunks in use: 13. 26.8KiB allocated for chunks. 26.8KiB in use in bin. 26.0KiB client-requested in use in bin.
2020-05-06 21:57:48.991473: I tensorflow/core/common_runtime/bfc_allocator.cc:627] Bin (4096): 	Total Chunks: 14, Chunks in use: 14. 58.8KiB allocated for chunks. 58.8KiB in use in bin. 56.5KiB client-requested in use in bin.
2020-05-06 21:57:48.991491: I tensorflow/core/common_runtime/bfc_allocator.cc:627] Bin (8192): 	Total Chunks: 1, Chunks in use: 1. 13.0KiB allocated for chunks. 13.0KiB in use in bin. 13.0KiB client-requested in use in bin.
2020-05-06 21:57:48.991509: I tensorflow/core/common_runtime/bfc_allocator.cc:627] Bin (16384): 	Total Chunks: 2, Chunks in use: 2. 32.0KiB allocated for chunks. 32.0KiB in use in bin. 32.0KiB client-requested in use in bin.
2020-05-06 21:57:48.991527: I tensorflow/core/common_runtime/bfc_allocator.cc:627] Bin (32768): 	Total Chunks: 2, Chunks in use: 2. 64.0KiB allocated for chunks. 64.0KiB in use in bin. 64.0KiB client-requested in use in bin.
2020-05-06 21:57:48.991543: I tensorflow/core/common_runtime/bfc_allocator.cc:627] Bin (65536): 	Total Chunks: 0, Chunks in use: 0. 0B allocated for chunks. 0B in use in bin. 0B client-requested in use in bin.
2020-05-06 21:57:48.991562: I tensorflow/core/common_runtime/bfc_allocator.cc:627] Bin (131072): 	Total Chunks: 4, Chunks in use: 3. 764.5KiB allocated for chunks. 576.0KiB in use in bin. 576.0KiB client-requested in use in bin.
2020-05-06 21:57:48.991594: I tensorflow/core/common_runtime/bfc_allocator.cc:627] Bin (262144): 	Total Chunks: 2, Chunks in use: 2. 813.2KiB allocated for chunks. 813.2KiB in use in bin. 768.0KiB client-requested in use in bin.
2020-05-06 21:57:48.991614: I tensorflow/core/common_runtime/bfc_allocator.cc:627] Bin (524288): 	Total Chunks: 1, Chunks in use: 1. 512.0KiB allocated for chunks. 512.0KiB in use in bin. 512.0KiB client-requested in use in bin.
2020-05-06 21:57:48.991632: I tensorflow/core/common_runtime/bfc_allocator.cc:627] Bin (1048576): 	Total Chunks: 2, Chunks in use: 1. 3.16MiB allocated for chunks. 1.48MiB in use in bin. 768.0KiB client-requested in use in bin.
2020-05-06 21:57:48.991651: I tensorflow/core/common_runtime/bfc_allocator.cc:627] Bin (2097152): 	Total Chunks: 6, Chunks in use: 6. 21.12MiB allocated for chunks. 21.12MiB in use in bin. 21.12MiB client-requested in use in bin.
2020-05-06 21:57:48.991667: I tensorflow/core/common_runtime/bfc_allocator.cc:627] Bin (4194304): 	Total Chunks: 0, Chunks in use: 0. 0B allocated for chunks. 0B in use in bin. 0B client-requested in use in bin.
2020-05-06 21:57:48.991685: I tensorflow/core/common_runtime/bfc_allocator.cc:627] Bin (8388608): 	Total Chunks: 4, Chunks in use: 4. 48.00MiB allocated for chunks. 48.00MiB in use in bin. 48.00MiB client-requested in use in bin.
2020-05-06 21:57:48.991701: I tensorflow/core/common_runtime/bfc_allocator.cc:627] Bin (16777216): 	Total Chunks: 0, Chunks in use: 0. 0B allocated for chunks. 0B in use in bin. 0B client-requested in use in bin.
2020-05-06 21:57:48.991720: I tensorflow/core/common_runtime/bfc_allocator.cc:627] Bin (33554432): 	Total Chunks: 2, Chunks in use: 1. 120.44MiB allocated for chunks. 59.19MiB in use in bin. 48.00MiB client-requested in use in bin.
2020-05-06 21:57:48.991738: I tensorflow/core/common_runtime/bfc_allocator.cc:627] Bin (67108864): 	Total Chunks: 3, Chunks in use: 3. 199.00MiB allocated for chunks. 199.00MiB in use in bin. 183.00MiB client-requested in use in bin.
2020-05-06 21:57:48.991755: I tensorflow/core/common_runtime/bfc_allocator.cc:627] Bin (134217728): 	Total Chunks: 27, Chunks in use: 26. 6.26GiB allocated for chunks. 6.09GiB in use in bin. 6.09GiB client-requested in use in bin.
2020-05-06 21:57:48.991772: I tensorflow/core/common_runtime/bfc_allocator.cc:627] Bin (268435456): 	Total Chunks: 8, Chunks in use: 8. 3.58GiB allocated for chunks. 3.58GiB in use in bin. 2.58GiB client-requested in use in bin.
2020-05-06 21:57:48.991789: I tensorflow/core/common_runtime/bfc_allocator.cc:643] Bin for 240.00MiB was 128.00MiB, Chunk State: 
2020-05-06 21:57:48.991816: I tensorflow/core/common_runtime/bfc_allocator.cc:649]   Size: 172.50MiB | Requested Size: 60.00MiB | in_use: 0, prev:   Size: 67.50MiB | Requested Size: 67.50MiB | in_use: 1, next:   Size: 476.50MiB | Requested Size: 240.00MiB | in_use: 1
2020-05-06 21:57:48.991833: I tensorflow/core/common_runtime/bfc_allocator.cc:661] Chunk at 0x7ff278000000 of size 251658240
2020-05-06 21:57:48.991847: I tensorflow/core/common_runtime/bfc_allocator.cc:661] Chunk at 0x7ff287000000 of size 251658240
2020-05-06 21:57:48.991860: I tensorflow/core/common_runtime/bfc_allocator.cc:661] Chunk at 0x7ff296000000 of size 805306368
2020-05-06 21:57:48.991874: I tensorflow/core/common_runtime/bfc_allocator.cc:661] Chunk at 0x7ff2c6000000 of size 251658240
2020-05-06 21:57:48.991887: I tensorflow/core/common_runtime/bfc_allocator.cc:661] Chunk at 0x7ff2d5000000 of size 251658240
2020-05-06 21:57:48.991901: I tensorflow/core/common_runtime/bfc_allocator.cc:661] Chunk at 0x7ff2e4000000 of size 303588864
2020-05-06 21:57:48.991915: I tensorflow/core/common_runtime/bfc_allocator.cc:661] Chunk at 0x7ff302000000 of size 251658240
2020-05-06 21:57:48.991928: I tensorflow/core/common_runtime/bfc_allocator.cc:661] Chunk at 0x7ff311000000 of size 553648128
2020-05-06 21:57:48.991942: I tensorflow/core/common_runtime/bfc_allocator.cc:661] Chunk at 0x7ff332000000 of size 251658240
2020-05-06 21:57:48.991955: I tensorflow/core/common_runtime/bfc_allocator.cc:661] Chunk at 0x7ff341000000 of size 251658240
2020-05-06 21:57:48.992002: I tensorflow/core/common_runtime/bfc_allocator.cc:661] Chunk at 0x7ff350000000 of size 251658240
2020-05-06 21:57:48.992021: I tensorflow/core/common_runtime/bfc_allocator.cc:661] Chunk at 0x7ff35f000000 of size 503316480
2020-05-06 21:57:48.992035: I tensorflow/core/common_runtime/bfc_allocator.cc:661] Chunk at 0x7ff37d000000 of size 251658240
2020-05-06 21:57:48.992048: I tensorflow/core/common_runtime/bfc_allocator.cc:661] Chunk at 0x7ff38c000000 of size 251658240
2020-05-06 21:57:48.992061: I tensorflow/core/common_runtime/bfc_allocator.cc:661] Chunk at 0x7ff39b000000 of size 251658240
2020-05-06 21:57:48.992074: I tensorflow/core/common_runtime/bfc_allocator.cc:661] Chunk at 0x7ff3aa000000 of size 251658240
2020-05-06 21:57:48.992087: I tensorflow/core/common_runtime/bfc_allocator.cc:661] Chunk at 0x7ff3b9000000 of size 251658240
2020-05-06 21:57:48.992100: I tensorflow/core/common_runtime/bfc_allocator.cc:661] Chunk at 0x7ff3c8000000 of size 251658240
2020-05-06 21:57:48.992113: I tensorflow/core/common_runtime/bfc_allocator.cc:661] Chunk at 0x7ff3d7000000 of size 251658240
2020-05-06 21:57:48.992127: I tensorflow/core/common_runtime/bfc_allocator.cc:661] Chunk at 0x7ff3e6000000 of size 469762048
2020-05-06 21:57:48.992140: I tensorflow/core/common_runtime/bfc_allocator.cc:661] Chunk at 0x7ff408000000 of size 251658240
2020-05-06 21:57:48.992154: I tensorflow/core/common_runtime/bfc_allocator.cc:661] Chunk at 0x7ff417000000 of size 251658240
2020-05-06 21:57:48.992167: I tensorflow/core/common_runtime/bfc_allocator.cc:661] Chunk at 0x7ff426000000 of size 251658240
2020-05-06 21:57:48.992180: I tensorflow/core/common_runtime/bfc_allocator.cc:661] Chunk at 0x7ff435000000 of size 251658240
2020-05-06 21:57:48.992193: I tensorflow/core/common_runtime/bfc_allocator.cc:661] Chunk at 0x7ff444000000 of size 251658240
2020-05-06 21:57:48.992206: I tensorflow/core/common_runtime/bfc_allocator.cc:661] Chunk at 0x7ff453000000 of size 251658240
2020-05-06 21:57:48.992219: I tensorflow/core/common_runtime/bfc_allocator.cc:661] Chunk at 0x7ff462000000 of size 251658240
2020-05-06 21:57:48.992233: I tensorflow/core/common_runtime/bfc_allocator.cc:661] Chunk at 0x7ff471000000 of size 385875968
2020-05-06 21:57:48.992246: I tensorflow/core/common_runtime/bfc_allocator.cc:661] Chunk at 0x7ff494000000 of size 70778880
2020-05-06 21:57:48.992260: I tensorflow/core/common_runtime/bfc_allocator.cc:661] Chunk at 0x7ff498380000 of size 251658240
2020-05-06 21:57:48.992273: I tensorflow/core/common_runtime/bfc_allocator.cc:661] Chunk at 0x7ff4a7380000 of size 70778880
2020-05-06 21:57:48.992286: I tensorflow/core/common_runtime/bfc_allocator.cc:661] Chunk at 0x7ff4b6380000 of size 499646464
2020-05-06 21:57:48.992300: I tensorflow/core/common_runtime/bfc_allocator.cc:670] Free at 0x7ff4ab700000 of size 180879360
2020-05-06 21:57:48.992314: I tensorflow/core/common_runtime/bfc_allocator.cc:661] Chunk at 0x7ff4d4000000 of size 251658240
2020-05-06 21:57:48.992327: I tensorflow/core/common_runtime/bfc_allocator.cc:661] Chunk at 0x7ff4e3000000 of size 251658240
2020-05-06 21:57:48.992340: I tensorflow/core/common_runtime/bfc_allocator.cc:661] Chunk at 0x7ff4f2000000 of size 251658240
2020-05-06 21:57:48.992353: I tensorflow/core/common_runtime/bfc_allocator.cc:661] Chunk at 0x7ff501000000 of size 318767104
2020-05-06 21:57:48.992368: I tensorflow/core/common_runtime/bfc_allocator.cc:661] Chunk at 0x7ff514000000 of size 12582912
2020-05-06 21:57:48.992381: I tensorflow/core/common_runtime/bfc_allocator.cc:661] Chunk at 0x7ff514c00000 of size 12582912
2020-05-06 21:57:48.992395: I tensorflow/core/common_runtime/bfc_allocator.cc:661] Chunk at 0x7ff515800000 of size 3932160
2020-05-06 21:57:48.992408: I tensorflow/core/common_runtime/bfc_allocator.cc:661] Chunk at 0x7ff515bc0000 of size 3932160
2020-05-06 21:57:48.992421: I tensorflow/core/common_runtime/bfc_allocator.cc:661] Chunk at 0x7ff515f80000 of size 12582912
2020-05-06 21:57:48.992439: I tensorflow/core/common_runtime/bfc_allocator.cc:661] Chunk at 0x7ff516b80000 of size 3932160
2020-05-06 21:57:48.992453: I tensorflow/core/common_runtime/bfc_allocator.cc:661] Chunk at 0x7ff516f40000 of size 3932160
2020-05-06 21:57:48.992466: I tensorflow/core/common_runtime/bfc_allocator.cc:661] Chunk at 0x7ff517300000 of size 12582912
2020-05-06 21:57:48.992479: I tensorflow/core/common_runtime/bfc_allocator.cc:661] Chunk at 0x7ff517f00000 of size 3932160
2020-05-06 21:57:48.992493: I tensorflow/core/common_runtime/bfc_allocator.cc:670] Free at 0x7ff5182c0000 of size 64225280
2020-05-06 21:57:48.992507: I tensorflow/core/common_runtime/bfc_allocator.cc:661] Chunk at 0x7ff51c000000 of size 2490368
2020-05-06 21:57:48.992521: I tensorflow/core/common_runtime/bfc_allocator.cc:661] Chunk at 0x7ff51c260000 of size 256
2020-05-06 21:57:48.992534: I tensorflow/core/common_runtime/bfc_allocator.cc:661] Chunk at 0x7ff51c260100 of size 256
2020-05-06 21:57:48.992547: I tensorflow/core/common_runtime/bfc_allocator.cc:661] Chunk at 0x7ff51c260200 of size 256
2020-05-06 21:57:48.992560: I tensorflow/core/common_runtime/bfc_allocator.cc:661] Chunk at 0x7ff51c260300 of size 256
2020-05-06 21:57:48.992573: I tensorflow/core/common_runtime/bfc_allocator.cc:661] Chunk at 0x7ff51c260400 of size 256
2020-05-06 21:57:48.992586: I tensorflow/core/common_runtime/bfc_allocator.cc:661] Chunk at 0x7ff51c260500 of size 256
2020-05-06 21:57:48.992598: I tensorflow/core/common_runtime/bfc_allocator.cc:661] Chunk at 0x7ff51c260600 of size 256
2020-05-06 21:57:48.992612: I tensorflow/core/common_runtime/bfc_allocator.cc:661] Chunk at 0x7ff51c260700 of size 1024
2020-05-06 21:57:48.992625: I tensorflow/core/common_runtime/bfc_allocator.cc:661] Chunk at 0x7ff51c260b00 of size 256
2020-05-06 21:57:48.992638: I tensorflow/core/common_runtime/bfc_allocator.cc:661] Chunk at 0x7ff51c260c00 of size 256
2020-05-06 21:57:48.992651: I tensorflow/core/common_runtime/bfc_allocator.cc:661] Chunk at 0x7ff51c260d00 of size 256
2020-05-06 21:57:48.992665: I tensorflow/core/common_runtime/bfc_allocator.cc:661] Chunk at 0x7ff51c290000 of size 196608
2020-05-06 21:57:48.992679: I tensorflow/core/common_runtime/bfc_allocator.cc:661] Chunk at 0x7ff51c2c0000 of size 393216
2020-05-06 21:57:48.992693: I tensorflow/core/common_runtime/bfc_allocator.cc:661] Chunk at 0x7ff51c4d0000 of size 62062592
2020-05-06 21:57:48.992706: I tensorflow/core/common_runtime/bfc_allocator.cc:670] Free at 0x7ff51c260e00 of size 193024
2020-05-06 21:57:48.992719: I tensorflow/core/common_runtime/bfc_allocator.cc:670] Free at 0x7ff51c320000 of size 1769472
2020-05-06 21:57:48.992733: I tensorflow/core/common_runtime/bfc_allocator.cc:661] Chunk at 0x7ff528000000 of size 67108864
2020-05-06 21:57:48.992747: I tensorflow/core/common_runtime/bfc_allocator.cc:661] Chunk at 0x7ff627400000 of size 1280
2020-05-06 21:57:48.992761: I tensorflow/core/common_runtime/bfc_allocator.cc:661] Chunk at 0x7ff627400500 of size 196608
2020-05-06 21:57:48.992774: I tensorflow/core/common_runtime/bfc_allocator.cc:661] Chunk at 0x7ff627430500 of size 256
2020-05-06 21:57:48.992787: I tensorflow/core/common_runtime/bfc_allocator.cc:661] Chunk at 0x7ff627430600 of size 256
2020-05-06 21:57:48.992800: I tensorflow/core/common_runtime/bfc_allocator.cc:661] Chunk at 0x7ff627430700 of size 256
2020-05-06 21:57:48.992813: I tensorflow/core/common_runtime/bfc_allocator.cc:661] Chunk at 0x7ff627430800 of size 256
2020-05-06 21:57:48.992825: I tensorflow/core/common_runtime/bfc_allocator.cc:661] Chunk at 0x7ff627430900 of size 256
2020-05-06 21:57:48.992838: I tensorflow/core/common_runtime/bfc_allocator.cc:661] Chunk at 0x7ff627430a00 of size 256
2020-05-06 21:57:48.992851: I tensorflow/core/common_runtime/bfc_allocator.cc:661] Chunk at 0x7ff627430b00 of size 256
2020-05-06 21:57:48.992864: I tensorflow/core/common_runtime/bfc_allocator.cc:661] Chunk at 0x7ff627430c00 of size 256
2020-05-06 21:57:48.992877: I tensorflow/core/common_runtime/bfc_allocator.cc:661] Chunk at 0x7ff627430d00 of size 256
2020-05-06 21:57:48.992895: I tensorflow/core/common_runtime/bfc_allocator.cc:661] Chunk at 0x7ff627430e00 of size 256
2020-05-06 21:57:48.992908: I tensorflow/core/common_runtime/bfc_allocator.cc:661] Chunk at 0x7ff627430f00 of size 256
2020-05-06 21:57:48.992921: I tensorflow/core/common_runtime/bfc_allocator.cc:661] Chunk at 0x7ff627431000 of size 256
2020-05-06 21:57:48.992934: I tensorflow/core/common_runtime/bfc_allocator.cc:661] Chunk at 0x7ff627431100 of size 256
2020-05-06 21:57:48.992947: I tensorflow/core/common_runtime/bfc_allocator.cc:661] Chunk at 0x7ff627431200 of size 256
2020-05-06 21:57:48.992960: I tensorflow/core/common_runtime/bfc_allocator.cc:661] Chunk at 0x7ff627431300 of size 256
2020-05-06 21:57:48.992973: I tensorflow/core/common_runtime/bfc_allocator.cc:661] Chunk at 0x7ff627431400 of size 256
2020-05-06 21:57:48.992986: I tensorflow/core/common_runtime/bfc_allocator.cc:661] Chunk at 0x7ff627431500 of size 256
2020-05-06 21:57:48.992999: I tensorflow/core/common_runtime/bfc_allocator.cc:661] Chunk at 0x7ff627431600 of size 256
2020-05-06 21:57:48.993012: I tensorflow/core/common_runtime/bfc_allocator.cc:661] Chunk at 0x7ff627431700 of size 256
2020-05-06 21:57:48.993025: I tensorflow/core/common_runtime/bfc_allocator.cc:661] Chunk at 0x7ff627431800 of size 256
2020-05-06 21:57:48.993037: I tensorflow/core/common_runtime/bfc_allocator.cc:661] Chunk at 0x7ff627431900 of size 256
2020-05-06 21:57:48.993050: I tensorflow/core/common_runtime/bfc_allocator.cc:661] Chunk at 0x7ff627431a00 of size 256
2020-05-06 21:57:48.993063: I tensorflow/core/common_runtime/bfc_allocator.cc:661] Chunk at 0x7ff627431b00 of size 256
2020-05-06 21:57:48.993076: I tensorflow/core/common_runtime/bfc_allocator.cc:661] Chunk at 0x7ff627431c00 of size 256
2020-05-06 21:57:48.993089: I tensorflow/core/common_runtime/bfc_allocator.cc:661] Chunk at 0x7ff627431d00 of size 256
2020-05-06 21:57:48.993102: I tensorflow/core/common_runtime/bfc_allocator.cc:661] Chunk at 0x7ff627431e00 of size 256
2020-05-06 21:57:48.993115: I tensorflow/core/common_runtime/bfc_allocator.cc:661] Chunk at 0x7ff627431f00 of size 256
2020-05-06 21:57:48.993128: I tensorflow/core/common_runtime/bfc_allocator.cc:661] Chunk at 0x7ff627432000 of size 256
2020-05-06 21:57:48.993141: I tensorflow/core/common_runtime/bfc_allocator.cc:661] Chunk at 0x7ff627432100 of size 256
2020-05-06 21:57:48.993153: I tensorflow/core/common_runtime/bfc_allocator.cc:661] Chunk at 0x7ff627432200 of size 256
2020-05-06 21:57:48.993166: I tensorflow/core/common_runtime/bfc_allocator.cc:661] Chunk at 0x7ff627432300 of size 256
2020-05-06 21:57:48.993179: I tensorflow/core/common_runtime/bfc_allocator.cc:661] Chunk at 0x7ff627432400 of size 256
2020-05-06 21:57:48.993192: I tensorflow/core/common_runtime/bfc_allocator.cc:661] Chunk at 0x7ff627432500 of size 256
2020-05-06 21:57:48.993205: I tensorflow/core/common_runtime/bfc_allocator.cc:661] Chunk at 0x7ff627432600 of size 256
2020-05-06 21:57:48.993218: I tensorflow/core/common_runtime/bfc_allocator.cc:661] Chunk at 0x7ff627432700 of size 256
2020-05-06 21:57:48.993231: I tensorflow/core/common_runtime/bfc_allocator.cc:661] Chunk at 0x7ff627432800 of size 256
2020-05-06 21:57:48.993244: I tensorflow/core/common_runtime/bfc_allocator.cc:661] Chunk at 0x7ff627432900 of size 256
2020-05-06 21:57:48.993257: I tensorflow/core/common_runtime/bfc_allocator.cc:661] Chunk at 0x7ff627432a00 of size 256
2020-05-06 21:57:48.993270: I tensorflow/core/common_runtime/bfc_allocator.cc:661] Chunk at 0x7ff627432b00 of size 256
2020-05-06 21:57:48.993282: I tensorflow/core/common_runtime/bfc_allocator.cc:661] Chunk at 0x7ff627432c00 of size 256
2020-05-06 21:57:48.993295: I tensorflow/core/common_runtime/bfc_allocator.cc:661] Chunk at 0x7ff627432d00 of size 256
2020-05-06 21:57:48.993308: I tensorflow/core/common_runtime/bfc_allocator.cc:661] Chunk at 0x7ff627432e00 of size 256
2020-05-06 21:57:48.993321: I tensorflow/core/common_runtime/bfc_allocator.cc:661] Chunk at 0x7ff627432f00 of size 256
2020-05-06 21:57:48.993334: I tensorflow/core/common_runtime/bfc_allocator.cc:661] Chunk at 0x7ff627433000 of size 256
2020-05-06 21:57:48.993352: I tensorflow/core/common_runtime/bfc_allocator.cc:661] Chunk at 0x7ff627433100 of size 256
2020-05-06 21:57:48.993365: I tensorflow/core/common_runtime/bfc_allocator.cc:661] Chunk at 0x7ff627433200 of size 256
2020-05-06 21:57:48.993378: I tensorflow/core/common_runtime/bfc_allocator.cc:661] Chunk at 0x7ff627433300 of size 256
2020-05-06 21:57:48.993391: I tensorflow/core/common_runtime/bfc_allocator.cc:661] Chunk at 0x7ff627433400 of size 256
2020-05-06 21:57:48.993404: I tensorflow/core/common_runtime/bfc_allocator.cc:661] Chunk at 0x7ff627433500 of size 256
2020-05-06 21:57:48.993417: I tensorflow/core/common_runtime/bfc_allocator.cc:661] Chunk at 0x7ff627433600 of size 256
2020-05-06 21:57:48.993430: I tensorflow/core/common_runtime/bfc_allocator.cc:661] Chunk at 0x7ff627433700 of size 256
2020-05-06 21:57:48.993443: I tensorflow/core/common_runtime/bfc_allocator.cc:661] Chunk at 0x7ff627433800 of size 256
2020-05-06 21:57:48.993456: I tensorflow/core/common_runtime/bfc_allocator.cc:661] Chunk at 0x7ff627433900 of size 256
2020-05-06 21:57:48.993469: I tensorflow/core/common_runtime/bfc_allocator.cc:661] Chunk at 0x7ff627433a00 of size 256
2020-05-06 21:57:48.993482: I tensorflow/core/common_runtime/bfc_allocator.cc:661] Chunk at 0x7ff627433b00 of size 196608
2020-05-06 21:57:48.993495: I tensorflow/core/common_runtime/bfc_allocator.cc:661] Chunk at 0x7ff627463b00 of size 1024
2020-05-06 21:57:48.993508: I tensorflow/core/common_runtime/bfc_allocator.cc:661] Chunk at 0x7ff627463f00 of size 256
2020-05-06 21:57:48.993521: I tensorflow/core/common_runtime/bfc_allocator.cc:661] Chunk at 0x7ff627464000 of size 13312
2020-05-06 21:57:48.993535: I tensorflow/core/common_runtime/bfc_allocator.cc:661] Chunk at 0x7ff627467400 of size 1024
2020-05-06 21:57:48.993548: I tensorflow/core/common_runtime/bfc_allocator.cc:661] Chunk at 0x7ff627467800 of size 1024
2020-05-06 21:57:48.993561: I tensorflow/core/common_runtime/bfc_allocator.cc:661] Chunk at 0x7ff627467c00 of size 1024
2020-05-06 21:57:48.993574: I tensorflow/core/common_runtime/bfc_allocator.cc:661] Chunk at 0x7ff627468000 of size 2048
2020-05-06 21:57:48.993588: I tensorflow/core/common_runtime/bfc_allocator.cc:661] Chunk at 0x7ff627468800 of size 2048
2020-05-06 21:57:48.993601: I tensorflow/core/common_runtime/bfc_allocator.cc:661] Chunk at 0x7ff627469000 of size 2048
2020-05-06 21:57:48.993614: I tensorflow/core/common_runtime/bfc_allocator.cc:661] Chunk at 0x7ff627469800 of size 4096
2020-05-06 21:57:48.993627: I tensorflow/core/common_runtime/bfc_allocator.cc:661] Chunk at 0x7ff62746a800 of size 4096
2020-05-06 21:57:48.993640: I tensorflow/core/common_runtime/bfc_allocator.cc:661] Chunk at 0x7ff62746b800 of size 4096
2020-05-06 21:57:48.993654: I tensorflow/core/common_runtime/bfc_allocator.cc:661] Chunk at 0x7ff62746c800 of size 16384
2020-05-06 21:57:48.993667: I tensorflow/core/common_runtime/bfc_allocator.cc:661] Chunk at 0x7ff627470800 of size 256
2020-05-06 21:57:48.993680: I tensorflow/core/common_runtime/bfc_allocator.cc:661] Chunk at 0x7ff627470900 of size 256
2020-05-06 21:57:48.993693: I tensorflow/core/common_runtime/bfc_allocator.cc:661] Chunk at 0x7ff627470a00 of size 1024
2020-05-06 21:57:48.993706: I tensorflow/core/common_runtime/bfc_allocator.cc:661] Chunk at 0x7ff627470e00 of size 256
2020-05-06 21:57:48.993719: I tensorflow/core/common_runtime/bfc_allocator.cc:661] Chunk at 0x7ff627470f00 of size 256
2020-05-06 21:57:48.993732: I tensorflow/core/common_runtime/bfc_allocator.cc:661] Chunk at 0x7ff627471000 of size 256
2020-05-06 21:57:48.993745: I tensorflow/core/common_runtime/bfc_allocator.cc:661] Chunk at 0x7ff627471100 of size 32768
2020-05-06 21:57:48.993758: I tensorflow/core/common_runtime/bfc_allocator.cc:661] Chunk at 0x7ff627479100 of size 256
2020-05-06 21:57:48.993771: I tensorflow/core/common_runtime/bfc_allocator.cc:661] Chunk at 0x7ff627479200 of size 256
2020-05-06 21:57:48.993784: I tensorflow/core/common_runtime/bfc_allocator.cc:661] Chunk at 0x7ff627479300 of size 256
2020-05-06 21:57:48.993802: I tensorflow/core/common_runtime/bfc_allocator.cc:661] Chunk at 0x7ff627479400 of size 256
2020-05-06 21:57:48.993815: I tensorflow/core/common_runtime/bfc_allocator.cc:661] Chunk at 0x7ff627479500 of size 32768
2020-05-06 21:57:48.993828: I tensorflow/core/common_runtime/bfc_allocator.cc:661] Chunk at 0x7ff627481500 of size 256
2020-05-06 21:57:48.993841: I tensorflow/core/common_runtime/bfc_allocator.cc:661] Chunk at 0x7ff627481600 of size 256
2020-05-06 21:57:48.993854: I tensorflow/core/common_runtime/bfc_allocator.cc:661] Chunk at 0x7ff627481700 of size 256
2020-05-06 21:57:48.993867: I tensorflow/core/common_runtime/bfc_allocator.cc:661] Chunk at 0x7ff627481800 of size 16384
2020-05-06 21:57:48.993880: I tensorflow/core/common_runtime/bfc_allocator.cc:661] Chunk at 0x7ff627485800 of size 1024
2020-05-06 21:57:48.993893: I tensorflow/core/common_runtime/bfc_allocator.cc:661] Chunk at 0x7ff627485c00 of size 256
2020-05-06 21:57:48.993906: I tensorflow/core/common_runtime/bfc_allocator.cc:661] Chunk at 0x7ff627485d00 of size 256
2020-05-06 21:57:48.993919: I tensorflow/core/common_runtime/bfc_allocator.cc:661] Chunk at 0x7ff627485e00 of size 256
2020-05-06 21:57:48.993932: I tensorflow/core/common_runtime/bfc_allocator.cc:661] Chunk at 0x7ff627485f00 of size 256
2020-05-06 21:57:48.993945: I tensorflow/core/common_runtime/bfc_allocator.cc:661] Chunk at 0x7ff627486000 of size 256
2020-05-06 21:57:48.993958: I tensorflow/core/common_runtime/bfc_allocator.cc:661] Chunk at 0x7ff627486100 of size 256
2020-05-06 21:57:48.993971: I tensorflow/core/common_runtime/bfc_allocator.cc:661] Chunk at 0x7ff627486200 of size 256
2020-05-06 21:57:48.993984: I tensorflow/core/common_runtime/bfc_allocator.cc:661] Chunk at 0x7ff627486300 of size 2048
2020-05-06 21:57:48.993997: I tensorflow/core/common_runtime/bfc_allocator.cc:661] Chunk at 0x7ff627486b00 of size 2048
2020-05-06 21:57:48.994010: I tensorflow/core/common_runtime/bfc_allocator.cc:661] Chunk at 0x7ff627487300 of size 256
2020-05-06 21:57:48.994023: I tensorflow/core/common_runtime/bfc_allocator.cc:661] Chunk at 0x7ff627487400 of size 256
2020-05-06 21:57:48.994036: I tensorflow/core/common_runtime/bfc_allocator.cc:661] Chunk at 0x7ff627487500 of size 256
2020-05-06 21:57:48.994049: I tensorflow/core/common_runtime/bfc_allocator.cc:661] Chunk at 0x7ff627487600 of size 256
2020-05-06 21:57:48.994062: I tensorflow/core/common_runtime/bfc_allocator.cc:661] Chunk at 0x7ff627487700 of size 256
2020-05-06 21:57:48.994074: I tensorflow/core/common_runtime/bfc_allocator.cc:661] Chunk at 0x7ff627487800 of size 256
2020-05-06 21:57:48.994087: I tensorflow/core/common_runtime/bfc_allocator.cc:661] Chunk at 0x7ff627487900 of size 256
2020-05-06 21:57:48.994100: I tensorflow/core/common_runtime/bfc_allocator.cc:661] Chunk at 0x7ff627487a00 of size 256
2020-05-06 21:57:48.994113: I tensorflow/core/common_runtime/bfc_allocator.cc:661] Chunk at 0x7ff627487b00 of size 256
2020-05-06 21:57:48.994126: I tensorflow/core/common_runtime/bfc_allocator.cc:661] Chunk at 0x7ff627487d00 of size 256
2020-05-06 21:57:48.994139: I tensorflow/core/common_runtime/bfc_allocator.cc:661] Chunk at 0x7ff627487e00 of size 4096
2020-05-06 21:57:48.994152: I tensorflow/core/common_runtime/bfc_allocator.cc:661] Chunk at 0x7ff627488e00 of size 256
2020-05-06 21:57:48.994165: I tensorflow/core/common_runtime/bfc_allocator.cc:661] Chunk at 0x7ff627488f00 of size 256
2020-05-06 21:57:48.994178: I tensorflow/core/common_runtime/bfc_allocator.cc:661] Chunk at 0x7ff627489000 of size 2048
2020-05-06 21:57:48.994191: I tensorflow/core/common_runtime/bfc_allocator.cc:661] Chunk at 0x7ff627489800 of size 4096
2020-05-06 21:57:48.994204: I tensorflow/core/common_runtime/bfc_allocator.cc:661] Chunk at 0x7ff62748a800 of size 256
2020-05-06 21:57:48.994217: I tensorflow/core/common_runtime/bfc_allocator.cc:661] Chunk at 0x7ff62748a900 of size 256
2020-05-06 21:57:48.994230: I tensorflow/core/common_runtime/bfc_allocator.cc:661] Chunk at 0x7ff62748aa00 of size 256
2020-05-06 21:57:48.994247: I tensorflow/core/common_runtime/bfc_allocator.cc:661] Chunk at 0x7ff62748ac00 of size 256
2020-05-06 21:57:48.994261: I tensorflow/core/common_runtime/bfc_allocator.cc:661] Chunk at 0x7ff62748ad00 of size 4096
2020-05-06 21:57:48.994274: I tensorflow/core/common_runtime/bfc_allocator.cc:661] Chunk at 0x7ff62748bd00 of size 256
2020-05-06 21:57:48.994287: I tensorflow/core/common_runtime/bfc_allocator.cc:661] Chunk at 0x7ff62748c000 of size 4096
2020-05-06 21:57:48.994300: I tensorflow/core/common_runtime/bfc_allocator.cc:661] Chunk at 0x7ff62748d000 of size 256
2020-05-06 21:57:48.994313: I tensorflow/core/common_runtime/bfc_allocator.cc:661] Chunk at 0x7ff62748d100 of size 2048
2020-05-06 21:57:48.994327: I tensorflow/core/common_runtime/bfc_allocator.cc:661] Chunk at 0x7ff62748d900 of size 4608
2020-05-06 21:57:48.994340: I tensorflow/core/common_runtime/bfc_allocator.cc:661] Chunk at 0x7ff62748eb00 of size 256
2020-05-06 21:57:48.994353: I tensorflow/core/common_runtime/bfc_allocator.cc:661] Chunk at 0x7ff62748ec00 of size 2048
2020-05-06 21:57:48.994366: I tensorflow/core/common_runtime/bfc_allocator.cc:661] Chunk at 0x7ff62748f400 of size 2048
2020-05-06 21:57:48.994379: I tensorflow/core/common_runtime/bfc_allocator.cc:661] Chunk at 0x7ff62748fc00 of size 1024
2020-05-06 21:57:48.994392: I tensorflow/core/common_runtime/bfc_allocator.cc:661] Chunk at 0x7ff627490000 of size 1024
2020-05-06 21:57:48.994405: I tensorflow/core/common_runtime/bfc_allocator.cc:661] Chunk at 0x7ff627490400 of size 1024
2020-05-06 21:57:48.994418: I tensorflow/core/common_runtime/bfc_allocator.cc:661] Chunk at 0x7ff627490800 of size 256
2020-05-06 21:57:48.994431: I tensorflow/core/common_runtime/bfc_allocator.cc:661] Chunk at 0x7ff627490900 of size 256
2020-05-06 21:57:48.994444: I tensorflow/core/common_runtime/bfc_allocator.cc:661] Chunk at 0x7ff627490a00 of size 1024
2020-05-06 21:57:48.994457: I tensorflow/core/common_runtime/bfc_allocator.cc:661] Chunk at 0x7ff627490e00 of size 2048
2020-05-06 21:57:48.994470: I tensorflow/core/common_runtime/bfc_allocator.cc:661] Chunk at 0x7ff627491600 of size 4096
2020-05-06 21:57:48.994483: I tensorflow/core/common_runtime/bfc_allocator.cc:661] Chunk at 0x7ff627492600 of size 6400
2020-05-06 21:57:48.994496: I tensorflow/core/common_runtime/bfc_allocator.cc:661] Chunk at 0x7ff627493f00 of size 256
2020-05-06 21:57:48.994510: I tensorflow/core/common_runtime/bfc_allocator.cc:661] Chunk at 0x7ff627494000 of size 2816
2020-05-06 21:57:48.994524: I tensorflow/core/common_runtime/bfc_allocator.cc:661] Chunk at 0x7ff627494b00 of size 439552
2020-05-06 21:57:48.994539: I tensorflow/core/common_runtime/bfc_allocator.cc:670] Free at 0x7ff627487c00 of size 256
2020-05-06 21:57:48.994552: I tensorflow/core/common_runtime/bfc_allocator.cc:670] Free at 0x7ff62748ab00 of size 256
2020-05-06 21:57:48.994565: I tensorflow/core/common_runtime/bfc_allocator.cc:670] Free at 0x7ff62748be00 of size 512
2020-05-06 21:57:48.994579: I tensorflow/core/common_runtime/bfc_allocator.cc:661] Chunk at 0x7ff627e00000 of size 1024
2020-05-06 21:57:48.994592: I tensorflow/core/common_runtime/bfc_allocator.cc:661] Chunk at 0x7ff627e00400 of size 1024
2020-05-06 21:57:48.994605: I tensorflow/core/common_runtime/bfc_allocator.cc:661] Chunk at 0x7ff627e00800 of size 2048
2020-05-06 21:57:48.994618: I tensorflow/core/common_runtime/bfc_allocator.cc:661] Chunk at 0x7ff627e01000 of size 4096
2020-05-06 21:57:48.994631: I tensorflow/core/common_runtime/bfc_allocator.cc:661] Chunk at 0x7ff627e02000 of size 2048
2020-05-06 21:57:48.994644: I tensorflow/core/common_runtime/bfc_allocator.cc:661] Chunk at 0x7ff627e02800 of size 4096
2020-05-06 21:57:48.994657: I tensorflow/core/common_runtime/bfc_allocator.cc:661] Chunk at 0x7ff627e03800 of size 256
2020-05-06 21:57:48.994670: I tensorflow/core/common_runtime/bfc_allocator.cc:661] Chunk at 0x7ff627e03a00 of size 256
2020-05-06 21:57:48.994683: I tensorflow/core/common_runtime/bfc_allocator.cc:661] Chunk at 0x7ff627e03b00 of size 256
2020-05-06 21:57:48.994696: I tensorflow/core/common_runtime/bfc_allocator.cc:661] Chunk at 0x7ff627e03c00 of size 256
2020-05-06 21:57:48.994714: I tensorflow/core/common_runtime/bfc_allocator.cc:661] Chunk at 0x7ff627e03d00 of size 4096
2020-05-06 21:57:48.994727: I tensorflow/core/common_runtime/bfc_allocator.cc:661] Chunk at 0x7ff627e04d00 of size 4096
2020-05-06 21:57:48.994740: I tensorflow/core/common_runtime/bfc_allocator.cc:661] Chunk at 0x7ff627e05e00 of size 256
2020-05-06 21:57:48.994753: I tensorflow/core/common_runtime/bfc_allocator.cc:661] Chunk at 0x7ff627e06000 of size 256
2020-05-06 21:57:48.994766: I tensorflow/core/common_runtime/bfc_allocator.cc:661] Chunk at 0x7ff627e06100 of size 256
2020-05-06 21:57:48.994779: I tensorflow/core/common_runtime/bfc_allocator.cc:661] Chunk at 0x7ff627e06200 of size 256
2020-05-06 21:57:48.994792: I tensorflow/core/common_runtime/bfc_allocator.cc:661] Chunk at 0x7ff627e06300 of size 256
2020-05-06 21:57:48.994806: I tensorflow/core/common_runtime/bfc_allocator.cc:661] Chunk at 0x7ff627e06400 of size 524288
2020-05-06 21:57:48.994819: I tensorflow/core/common_runtime/bfc_allocator.cc:661] Chunk at 0x7ff627e86400 of size 1547264
2020-05-06 21:57:48.994833: I tensorflow/core/common_runtime/bfc_allocator.cc:670] Free at 0x7ff627e03900 of size 256
2020-05-06 21:57:48.994846: I tensorflow/core/common_runtime/bfc_allocator.cc:670] Free at 0x7ff627e05d00 of size 256
2020-05-06 21:57:48.994859: I tensorflow/core/common_runtime/bfc_allocator.cc:670] Free at 0x7ff627e05f00 of size 256
2020-05-06 21:57:48.994871: I tensorflow/core/common_runtime/bfc_allocator.cc:676]      Summary of in-use Chunks by size: 
2020-05-06 21:57:48.994889: I tensorflow/core/common_runtime/bfc_allocator.cc:679] 115 Chunks of size 256 totalling 28.8KiB
2020-05-06 21:57:48.994904: I tensorflow/core/common_runtime/bfc_allocator.cc:679] 13 Chunks of size 1024 totalling 13.0KiB
2020-05-06 21:57:48.994920: I tensorflow/core/common_runtime/bfc_allocator.cc:679] 1 Chunks of size 1280 totalling 1.2KiB
2020-05-06 21:57:48.994935: I tensorflow/core/common_runtime/bfc_allocator.cc:679] 12 Chunks of size 2048 totalling 24.0KiB
2020-05-06 21:57:48.994950: I tensorflow/core/common_runtime/bfc_allocator.cc:679] 1 Chunks of size 2816 totalling 2.8KiB
2020-05-06 21:57:48.994965: I tensorflow/core/common_runtime/bfc_allocator.cc:679] 12 Chunks of size 4096 totalling 48.0KiB
2020-05-06 21:57:48.994979: I tensorflow/core/common_runtime/bfc_allocator.cc:679] 1 Chunks of size 4608 totalling 4.5KiB
2020-05-06 21:57:48.994994: I tensorflow/core/common_runtime/bfc_allocator.cc:679] 1 Chunks of size 6400 totalling 6.2KiB
2020-05-06 21:57:48.995009: I tensorflow/core/common_runtime/bfc_allocator.cc:679] 1 Chunks of size 13312 totalling 13.0KiB
2020-05-06 21:57:48.995024: I tensorflow/core/common_runtime/bfc_allocator.cc:679] 2 Chunks of size 16384 totalling 32.0KiB
2020-05-06 21:57:48.995039: I tensorflow/core/common_runtime/bfc_allocator.cc:679] 2 Chunks of size 32768 totalling 64.0KiB
2020-05-06 21:57:48.995054: I tensorflow/core/common_runtime/bfc_allocator.cc:679] 3 Chunks of size 196608 totalling 576.0KiB
2020-05-06 21:57:48.995069: I tensorflow/core/common_runtime/bfc_allocator.cc:679] 1 Chunks of size 393216 totalling 384.0KiB
2020-05-06 21:57:48.995085: I tensorflow/core/common_runtime/bfc_allocator.cc:679] 1 Chunks of size 439552 totalling 429.2KiB
2020-05-06 21:57:48.995100: I tensorflow/core/common_runtime/bfc_allocator.cc:679] 1 Chunks of size 524288 totalling 512.0KiB
2020-05-06 21:57:48.995114: I tensorflow/core/common_runtime/bfc_allocator.cc:679] 1 Chunks of size 1547264 totalling 1.48MiB
2020-05-06 21:57:48.995129: I tensorflow/core/common_runtime/bfc_allocator.cc:679] 1 Chunks of size 2490368 totalling 2.38MiB
2020-05-06 21:57:48.995144: I tensorflow/core/common_runtime/bfc_allocator.cc:679] 5 Chunks of size 3932160 totalling 18.75MiB
2020-05-06 21:57:48.995159: I tensorflow/core/common_runtime/bfc_allocator.cc:679] 4 Chunks of size 12582912 totalling 48.00MiB
2020-05-06 21:57:48.995175: I tensorflow/core/common_runtime/bfc_allocator.cc:679] 1 Chunks of size 62062592 totalling 59.19MiB
2020-05-06 21:57:48.995195: I tensorflow/core/common_runtime/bfc_allocator.cc:679] 1 Chunks of size 67108864 totalling 64.00MiB
2020-05-06 21:57:48.995211: I tensorflow/core/common_runtime/bfc_allocator.cc:679] 2 Chunks of size 70778880 totalling 135.00MiB
2020-05-06 21:57:48.995226: I tensorflow/core/common_runtime/bfc_allocator.cc:679] 26 Chunks of size 251658240 totalling 6.09GiB
2020-05-06 21:57:48.995242: I tensorflow/core/common_runtime/bfc_allocator.cc:679] 1 Chunks of size 303588864 totalling 289.52MiB
2020-05-06 21:57:48.995257: I tensorflow/core/common_runtime/bfc_allocator.cc:679] 1 Chunks of size 318767104 totalling 304.00MiB
2020-05-06 21:57:48.995272: I tensorflow/core/common_runtime/bfc_allocator.cc:679] 1 Chunks of size 385875968 totalling 368.00MiB
2020-05-06 21:57:48.995287: I tensorflow/core/common_runtime/bfc_allocator.cc:679] 1 Chunks of size 469762048 totalling 448.00MiB
2020-05-06 21:57:48.995303: I tensorflow/core/common_runtime/bfc_allocator.cc:679] 1 Chunks of size 499646464 totalling 476.50MiB
2020-05-06 21:57:48.995318: I tensorflow/core/common_runtime/bfc_allocator.cc:679] 1 Chunks of size 503316480 totalling 480.00MiB
2020-05-06 21:57:48.995333: I tensorflow/core/common_runtime/bfc_allocator.cc:679] 1 Chunks of size 553648128 totalling 528.00MiB
2020-05-06 21:57:48.995348: I tensorflow/core/common_runtime/bfc_allocator.cc:679] 1 Chunks of size 805306368 totalling 768.00MiB
2020-05-06 21:57:48.995362: I tensorflow/core/common_runtime/bfc_allocator.cc:683] Sum Total of in-use chunks: 9.99GiB
2020-05-06 21:57:48.995380: I tensorflow/core/common_runtime/bfc_allocator.cc:685] Stats: 
Limit:                 10977044071
InUse:                 10729975040
MaxInUse:              10729975552
NumAllocs:                     412
MaxAllocSize:           1073741824

2020-05-06 21:57:48.995419: W tensorflow/core/common_runtime/bfc_allocator.cc:277] **********x**********************************************x************************_***x*************
2020-05-06 21:57:48.995443: W tensorflow/core/framework/op_kernel.cc:1192] Resource exhausted: OOM when allocating tensor with shape[12,4096,20,64]
/home/aji/.conda/envs/aji/lib/python3.6/site-packages/h5py/__init__.py:36: FutureWarning: Conversion of the second argument of issubdtype from `float` to `np.floating` is deprecated. In future, it will be treated as `np.float64 == np.dtype(float).type`.
  from ._conv import register_converters as _register_converters
/home/aji/.conda/envs/aji/lib/python3.6/site-packages/tensorflow/python/framework/dtypes.py:469: FutureWarning: Passing (type, 1) or '1type' as a synonym of type is deprecated; in a future version of numpy, it will be understood as (type, (1,)) / '(1,)type'.
  _np_qint8 = np.dtype([("qint8", np.int8, 1)])
/home/aji/.conda/envs/aji/lib/python3.6/site-packages/tensorflow/python/framework/dtypes.py:470: FutureWarning: Passing (type, 1) or '1type' as a synonym of type is deprecated; in a future version of numpy, it will be understood as (type, (1,)) / '(1,)type'.
  _np_quint8 = np.dtype([("quint8", np.uint8, 1)])
/home/aji/.conda/envs/aji/lib/python3.6/site-packages/tensorflow/python/framework/dtypes.py:471: FutureWarning: Passing (type, 1) or '1type' as a synonym of type is deprecated; in a future version of numpy, it will be understood as (type, (1,)) / '(1,)type'.
  _np_qint16 = np.dtype([("qint16", np.int16, 1)])
/home/aji/.conda/envs/aji/lib/python3.6/site-packages/tensorflow/python/framework/dtypes.py:472: FutureWarning: Passing (type, 1) or '1type' as a synonym of type is deprecated; in a future version of numpy, it will be understood as (type, (1,)) / '(1,)type'.
  _np_quint16 = np.dtype([("quint16", np.uint16, 1)])
/home/aji/.conda/envs/aji/lib/python3.6/site-packages/tensorflow/python/framework/dtypes.py:473: FutureWarning: Passing (type, 1) or '1type' as a synonym of type is deprecated; in a future version of numpy, it will be understood as (type, (1,)) / '(1,)type'.
  _np_qint32 = np.dtype([("qint32", np.int32, 1)])
/home/aji/.conda/envs/aji/lib/python3.6/site-packages/tensorflow/python/framework/dtypes.py:476: FutureWarning: Passing (type, 1) or '1type' as a synonym of type is deprecated; in a future version of numpy, it will be understood as (type, (1,)) / '(1,)type'.
  np_resource = np.dtype([("resource", np.ubyte, 1)])
/home/aji/.conda/envs/aji/lib/python3.6/importlib/_bootstrap.py:219: RuntimeWarning: compiletime version 3.5 of module 'tensorflow.python.framework.fast_tensor_util' does not match runtime version 3.6
  return f(*args, **kwds)
----
Current batch/total batch num: 0/829
Traceback (most recent call last):
  File "/home/aji/.conda/envs/aji/lib/python3.6/site-packages/tensorflow/python/client/session.py", line 1323, in _do_call
    return fn(*args)
  File "/home/aji/.conda/envs/aji/lib/python3.6/site-packages/tensorflow/python/client/session.py", line 1302, in _run_fn
    status, run_metadata)
  File "/home/aji/.conda/envs/aji/lib/python3.6/site-packages/tensorflow/python/framework/errors_impl.py", line 473, in __exit__
    c_api.TF_GetCode(self.status.status))
tensorflow.python.framework.errors_impl.ResourceExhaustedError: OOM when allocating tensor with shape[12,4096,20,64]
	 [[Node: tower_0/adj_conv5/bn/cond/moments/SquaredDifference = SquaredDifference[T=DT_FLOAT, _device="/job:localhost/replica:0/task:0/device:GPU:0"](tower_0/adj_conv5/bn/cond/batchnorm_1/mul_1/Switch:1, tower_0/adj_conv5/bn/cond/moments/mean)]]
	 [[Node: tower_1/gradients/AddN_21/_691 = _Recv[client_terminated=false, recv_device="/job:localhost/replica:0/task:0/device:CPU:0", send_device="/job:localhost/replica:0/task:0/device:GPU:0", send_device_incarnation=1, tensor_name="edge_3086_tower_1/gradients/AddN_21", tensor_type=DT_FLOAT, _device="/job:localhost/replica:0/task:0/device:CPU:0"]()]]

During handling of the above exception, another exception occurred:

Traceback (most recent call last):
  File "train.py", line 285, in <module>
    train()
  File "train.py", line 234, in train
    train_one_epoch(sess, ops, train_writer)
  File "train.py", line 273, in train_one_epoch
    feed_dict=feed_dict)
  File "/home/aji/.conda/envs/aji/lib/python3.6/site-packages/tensorflow/python/client/session.py", line 889, in run
    run_metadata_ptr)
  File "/home/aji/.conda/envs/aji/lib/python3.6/site-packages/tensorflow/python/client/session.py", line 1120, in _run
    feed_dict_tensor, options, run_metadata)
  File "/home/aji/.conda/envs/aji/lib/python3.6/site-packages/tensorflow/python/client/session.py", line 1317, in _do_run
    options, run_metadata)
  File "/home/aji/.conda/envs/aji/lib/python3.6/site-packages/tensorflow/python/client/session.py", line 1336, in _do_call
    raise type(e)(node_def, op, message)
tensorflow.python.framework.errors_impl.ResourceExhaustedError: OOM when allocating tensor with shape[12,4096,20,64]
	 [[Node: tower_0/adj_conv5/bn/cond/moments/SquaredDifference = SquaredDifference[T=DT_FLOAT, _device="/job:localhost/replica:0/task:0/device:GPU:0"](tower_0/adj_conv5/bn/cond/batchnorm_1/mul_1/Switch:1, tower_0/adj_conv5/bn/cond/moments/mean)]]
	 [[Node: tower_1/gradients/AddN_21/_691 = _Recv[client_terminated=false, recv_device="/job:localhost/replica:0/task:0/device:CPU:0", send_device="/job:localhost/replica:0/task:0/device:GPU:0", send_device_incarnation=1, tensor_name="edge_3086_tower_1/gradients/AddN_21", tensor_type=DT_FLOAT, _device="/job:localhost/replica:0/task:0/device:CPU:0"]()]]

Caused by op 'tower_0/adj_conv5/bn/cond/moments/SquaredDifference', defined at:
  File "train.py", line 285, in <module>
    train()
  File "train.py", line 184, in train
    pred = get_model(pointclouds_phs[-1], is_training_phs[-1], bn_decay=bn_decay)
  File "/home/aji/aji-skripsi/DGCNN/tensorflow/sem_seg/model.py", line 71, in get_model
    scope='adj_conv5', bn_decay=bn_decay, is_dist=True)
  File "/home/aji/aji-skripsi/DGCNN/tensorflow/utils/tf_util.py", line 169, in conv2d
    bn_decay=bn_decay, scope='bn', is_dist=is_dist)
  File "/home/aji/aji-skripsi/DGCNN/tensorflow/utils/tf_util.py", line 590, in batch_norm_for_conv2d
    return batch_norm_dist_template(inputs, is_training, scope, [0,1,2], bn_decay)
  File "/home/aji/aji-skripsi/DGCNN/tensorflow/utils/tf_util.py", line 534, in batch_norm_dist_template
    test_bn_op)
  File "/home/aji/.conda/envs/aji/lib/python3.6/site-packages/tensorflow/python/util/deprecation.py", line 316, in new_func
    return func(*args, **kwargs)
  File "/home/aji/.conda/envs/aji/lib/python3.6/site-packages/tensorflow/python/ops/control_flow_ops.py", line 1855, in cond
    orig_res_t, res_t = context_t.BuildCondBranch(true_fn)
  File "/home/aji/.conda/envs/aji/lib/python3.6/site-packages/tensorflow/python/ops/control_flow_ops.py", line 1725, in BuildCondBranch
    original_result = fn()
  File "/home/aji/aji-skripsi/DGCNN/tensorflow/utils/tf_util.py", line 522, in train_bn_op
    batch_mean, batch_var = tf.nn.moments(inputs, moments_dims, name='moments')
  File "/home/aji/.conda/envs/aji/lib/python3.6/site-packages/tensorflow/python/ops/nn_impl.py", line 621, in moments
    math_ops.squared_difference(y, array_ops.stop_gradient(mean)),
  File "/home/aji/.conda/envs/aji/lib/python3.6/site-packages/tensorflow/python/ops/gen_math_ops.py", line 4601, in squared_difference
    "SquaredDifference", x=x, y=y, name=name)
  File "/home/aji/.conda/envs/aji/lib/python3.6/site-packages/tensorflow/python/framework/op_def_library.py", line 787, in _apply_op_helper
    op_def=op_def)
  File "/home/aji/.conda/envs/aji/lib/python3.6/site-packages/tensorflow/python/framework/ops.py", line 2956, in create_op
    op_def=op_def)
  File "/home/aji/.conda/envs/aji/lib/python3.6/site-packages/tensorflow/python/framework/ops.py", line 1470, in __init__
    self._traceback = self._graph._extract_stack()  # pylint: disable=protected-access

ResourceExhaustedError (see above for traceback): OOM when allocating tensor with shape[12,4096,20,64]
	 [[Node: tower_0/adj_conv5/bn/cond/moments/SquaredDifference = SquaredDifference[T=DT_FLOAT, _device="/job:localhost/replica:0/task:0/device:GPU:0"](tower_0/adj_conv5/bn/cond/batchnorm_1/mul_1/Switch:1, tower_0/adj_conv5/bn/cond/moments/mean)]]
	 [[Node: tower_1/gradients/AddN_21/_691 = _Recv[client_terminated=false, recv_device="/job:localhost/replica:0/task:0/device:CPU:0", send_device="/job:localhost/replica:0/task:0/device:GPU:0", send_device_incarnation=1, tensor_name="edge_3086_tower_1/gradients/AddN_21", tensor_type=DT_FLOAT, _device="/job:localhost/replica:0/task:0/device:CPU:0"]()]]

